<?xml version="1.0" encoding="UTF-8"?>
<coverage generated="1638704624020" clover="3.2.0">
  <project timestamp="1638704624020" name="All files">
    <metrics statements="39" coveredstatements="30" conditionals="6" coveredconditionals="3" methods="14" coveredmethods="11" elements="59" coveredelements="44" complexity="0" loc="39" ncloc="39" packages="2" files="5" classes="5"/>
    <package name="lib">
      <metrics statements="22" coveredstatements="22" conditionals="4" coveredconditionals="3" methods="11" coveredmethods="11"/>
      <file name="index.js" path="C:\Users\Computer\Desktop\Fasify server\nodejs2021Q4-service\test\e2e\lib\index.js">
        <metrics statements="10" coveredstatements="10" conditionals="4" coveredconditionals="3" methods="0" coveredmethods="0"/>
        <line num="1" count="6" type="stmt"/>
        <line num="2" count="6" type="stmt"/>
        <line num="4" count="6" type="stmt"/>
        <line num="5" count="6" type="stmt"/>
        <line num="7" count="6" type="stmt"/>
        <line num="11" count="6" type="stmt"/>
        <line num="14" count="6" type="cond" truecount="3" falsecount="1"/>
        <line num="17" count="6" type="stmt"/>
        <line num="19" count="6" type="stmt"/>
        <line num="21" count="6" type="stmt"/>
      </file>
      <file name="routes.js" path="C:\Users\Computer\Desktop\Fasify server\nodejs2021Q4-service\test\e2e\lib\routes.js">
        <metrics statements="12" coveredstatements="12" conditionals="0" coveredconditionals="0" methods="11" coveredmethods="11"/>
        <line num="1" count="6" type="stmt"/>
        <line num="4" count="3" type="stmt"/>
        <line num="6" count="2" type="stmt"/>
        <line num="7" count="6" type="stmt"/>
        <line num="10" count="3" type="stmt"/>
        <line num="11" count="16" type="stmt"/>
        <line num="12" count="11" type="stmt"/>
        <line num="13" count="2" type="stmt"/>
        <line num="14" count="3" type="stmt"/>
        <line num="18" count="4" type="stmt"/>
        <line num="20" count="2" type="stmt"/>
        <line num="21" count="7" type="stmt"/>
      </file>
    </package>
    <package name="utils">
      <metrics statements="17" coveredstatements="8" conditionals="2" coveredconditionals="0" methods="3" coveredmethods="0"/>
      <file name="createAuthorizedRequest.js" path="C:\Users\Computer\Desktop\Fasify server\nodejs2021Q4-service\test\e2e\utils\createAuthorizedRequest.js">
        <metrics statements="13" coveredstatements="4" conditionals="2" coveredconditionals="0" methods="3" coveredmethods="0"/>
        <line num="1" count="3" type="stmt"/>
        <line num="3" count="3" type="stmt"/>
        <line num="4" count="0" type="stmt"/>
        <line num="5" count="0" type="stmt"/>
        <line num="6" count="0" type="cond" truecount="0" falsecount="2"/>
        <line num="7" count="0" type="stmt"/>
        <line num="8" count="0" type="stmt"/>
        <line num="12" count="0" type="stmt"/>
        <line num="15" count="3" type="stmt"/>
        <line num="16" count="0" type="stmt"/>
        <line num="21" count="0" type="stmt"/>
        <line num="22" count="0" type="stmt"/>
        <line num="25" count="3" type="stmt"/>
      </file>
      <file name="index.js" path="C:\Users\Computer\Desktop\Fasify server\nodejs2021Q4-service\test\e2e\utils\index.js">
        <metrics statements="3" coveredstatements="3" conditionals="0" coveredconditionals="0" methods="0" coveredmethods="0"/>
        <line num="1" count="3" type="stmt"/>
        <line num="2" count="3" type="stmt"/>
        <line num="3" count="3" type="stmt"/>
      </file>
      <file name="shouldAuthorizationBeTested.js" path="C:\Users\Computer\Desktop\Fasify server\nodejs2021Q4-service\test\e2e\utils\shouldAuthorizationBeTested.js">
        <metrics statements="1" coveredstatements="1" conditionals="0" coveredconditionals="0" methods="0" coveredmethods="0"/>
        <line num="1" count="3" type="stmt"/>
      </file>
    </package>
  </project>
</coverage>
