{"C:\\Users\\Computer\\Desktop\\Fasify server\\nodejs2021Q4-service\\src\\app.js": {"path":"C:\\Users\\Computer\\Desktop\\Fasify server\\nodejs2021Q4-service\\src\\app.js","statementMap":{"0":{"start":{"line":1,"column":14},"end":{"line":1,"column":32}},"1":{"start":{"line":5,"column":19},"end":{"line":5,"column":59}},"2":{"start":{"line":6,"column":18},"end":{"line":6,"column":60}},"3":{"start":{"line":7,"column":19},"end":{"line":7,"column":59}},"4":{"start":{"line":10,"column":12},"end":{"line":10,"column":21}},"5":{"start":{"line":16,"column":0},"end":{"line":16,"column":25}},"6":{"start":{"line":17,"column":0},"end":{"line":17,"column":26}},"7":{"start":{"line":18,"column":0},"end":{"line":18,"column":24}},"8":{"start":{"line":23,"column":0},"end":{"line":29,"column":3}},"9":{"start":{"line":25,"column":4},"end":{"line":25,"column":32}},"10":{"start":{"line":34,"column":0},"end":{"line":34,"column":21}}},"fnMap":{"0":{"name":"(anonymous_0)","decl":{"start":{"line":23,"column":13},"end":{"line":23,"column":14}},"loc":{"start":{"line":23,"column":27},"end":{"line":29,"column":1}},"line":23}},"branchMap":{},"s":{"0":6,"1":6,"2":6,"3":6,"4":6,"5":6,"6":6,"7":6,"8":6,"9":0,"10":6},"f":{"0":0},"b":{},"_coverageSchema":"1a1c01bbd47fc00a2c39e90264f33305004495a9","hash":"baf3ac15beed0c5d55825e6651ad184083ed4cce"}
,"C:\\Users\\Computer\\Desktop\\Fasify server\\nodejs2021Q4-service\\src\\server.js": {"path":"C:\\Users\\Computer\\Desktop\\Fasify server\\nodejs2021Q4-service\\src\\server.js","statementMap":{"0":{"start":{"line":1,"column":17},"end":{"line":1,"column":43}},"1":{"start":{"line":2,"column":12},"end":{"line":2,"column":28}},"2":{"start":{"line":4,"column":0},"end":{"line":6,"column":2}},"3":{"start":{"line":5,"column":2},"end":{"line":5,"column":59}},"4":{"start":{"line":7,"column":0},"end":{"line":7,"column":18}}},"fnMap":{"0":{"name":"(anonymous_0)","decl":{"start":{"line":4,"column":17},"end":{"line":4,"column":18}},"loc":{"start":{"line":5,"column":2},"end":{"line":5,"column":59}},"line":5}},"branchMap":{},"s":{"0":6,"1":6,"2":6,"3":0,"4":6},"f":{"0":0},"b":{},"_coverageSchema":"1a1c01bbd47fc00a2c39e90264f33305004495a9","hash":"47fe9929e45dc49735570bfbf4384c153212f0df"}
,"C:\\Users\\Computer\\Desktop\\Fasify server\\nodejs2021Q4-service\\src\\common\\config.js": {"path":"C:\\Users\\Computer\\Desktop\\Fasify server\\nodejs2021Q4-service\\src\\common\\config.js","statementMap":{"0":{"start":{"line":1,"column":15},"end":{"line":1,"column":32}},"1":{"start":{"line":2,"column":13},"end":{"line":2,"column":28}},"2":{"start":{"line":4,"column":0},"end":{"line":6,"column":3}},"3":{"start":{"line":8,"column":0},"end":{"line":14,"column":2}}},"fnMap":{},"branchMap":{},"s":{"0":6,"1":6,"2":6,"3":6},"f":{},"b":{},"_coverageSchema":"1a1c01bbd47fc00a2c39e90264f33305004495a9","hash":"ba4556bbca5952d3a8b7b21cf54df75413b52fbd"}
,"C:\\Users\\Computer\\Desktop\\Fasify server\\nodejs2021Q4-service\\src\\resources\\commons.js": {"path":"C:\\Users\\Computer\\Desktop\\Fasify server\\nodejs2021Q4-service\\src\\resources\\commons.js","statementMap":{"0":{"start":{"line":3,"column":7},"end":{"line":3,"column":10}},"1":{"start":{"line":7,"column":12},"end":{"line":7,"column":36}},"2":{"start":{"line":7,"column":19},"end":{"line":7,"column":35}},"3":{"start":{"line":8,"column":12},"end":{"line":8,"column":18}},"4":{"start":{"line":8,"column":16},"end":{"line":8,"column":18}},"5":{"start":{"line":10,"column":0},"end":{"line":10,"column":31}}},"fnMap":{"0":{"name":"(anonymous_0)","decl":{"start":{"line":7,"column":12},"end":{"line":7,"column":13}},"loc":{"start":{"line":7,"column":18},"end":{"line":7,"column":36}},"line":7},"1":{"name":"(anonymous_1)","decl":{"start":{"line":8,"column":12},"end":{"line":8,"column":13}},"loc":{"start":{"line":8,"column":16},"end":{"line":8,"column":18}},"line":8}},"branchMap":{},"s":{"0":6,"1":6,"2":8,"3":6,"4":0,"5":6},"f":{"0":8,"1":0},"b":{},"_coverageSchema":"1a1c01bbd47fc00a2c39e90264f33305004495a9","hash":"b6aa5b89ec7572257b2ba4ab0ae59459df03493d"}
,"C:\\Users\\Computer\\Desktop\\Fasify server\\nodejs2021Q4-service\\src\\resources\\lib.js": {"path":"C:\\Users\\Computer\\Desktop\\Fasify server\\nodejs2021Q4-service\\src\\resources\\lib.js","statementMap":{"0":{"start":{"line":1,"column":0},"end":{"line":24,"column":4}},"1":{"start":{"line":4,"column":21},"end":{"line":4,"column":35}},"2":{"start":{"line":6,"column":20},"end":{"line":6,"column":34}},"3":{"start":{"line":7,"column":20},"end":{"line":7,"column":34}},"4":{"start":{"line":10,"column":25},"end":{"line":10,"column":51}},"5":{"start":{"line":11,"column":36},"end":{"line":11,"column":72}},"6":{"start":{"line":12,"column":25},"end":{"line":12,"column":51}},"7":{"start":{"line":13,"column":35},"end":{"line":13,"column":71}},"8":{"start":{"line":14,"column":35},"end":{"line":14,"column":71}},"9":{"start":{"line":18,"column":21},"end":{"line":18,"column":36}},"10":{"start":{"line":20,"column":20},"end":{"line":20,"column":35}},"11":{"start":{"line":21,"column":20},"end":{"line":21,"column":35}}},"fnMap":{"0":{"name":"(anonymous_0)","decl":{"start":{"line":4,"column":15},"end":{"line":4,"column":16}},"loc":{"start":{"line":4,"column":21},"end":{"line":4,"column":35}},"line":4},"1":{"name":"(anonymous_1)","decl":{"start":{"line":6,"column":14},"end":{"line":6,"column":15}},"loc":{"start":{"line":6,"column":20},"end":{"line":6,"column":34}},"line":6},"2":{"name":"(anonymous_2)","decl":{"start":{"line":7,"column":14},"end":{"line":7,"column":15}},"loc":{"start":{"line":7,"column":20},"end":{"line":7,"column":34}},"line":7},"3":{"name":"(anonymous_3)","decl":{"start":{"line":10,"column":14},"end":{"line":10,"column":15}},"loc":{"start":{"line":10,"column":25},"end":{"line":10,"column":51}},"line":10},"4":{"name":"(anonymous_4)","decl":{"start":{"line":11,"column":15},"end":{"line":11,"column":16}},"loc":{"start":{"line":11,"column":36},"end":{"line":11,"column":72}},"line":11},"5":{"name":"(anonymous_5)","decl":{"start":{"line":12,"column":14},"end":{"line":12,"column":15}},"loc":{"start":{"line":12,"column":25},"end":{"line":12,"column":51}},"line":12},"6":{"name":"(anonymous_6)","decl":{"start":{"line":13,"column":14},"end":{"line":13,"column":15}},"loc":{"start":{"line":13,"column":35},"end":{"line":13,"column":71}},"line":13},"7":{"name":"(anonymous_7)","decl":{"start":{"line":14,"column":14},"end":{"line":14,"column":15}},"loc":{"start":{"line":14,"column":35},"end":{"line":14,"column":71}},"line":14},"8":{"name":"(anonymous_8)","decl":{"start":{"line":18,"column":15},"end":{"line":18,"column":16}},"loc":{"start":{"line":18,"column":21},"end":{"line":18,"column":36}},"line":18},"9":{"name":"(anonymous_9)","decl":{"start":{"line":20,"column":14},"end":{"line":20,"column":15}},"loc":{"start":{"line":20,"column":20},"end":{"line":20,"column":35}},"line":20},"10":{"name":"(anonymous_10)","decl":{"start":{"line":21,"column":14},"end":{"line":21,"column":15}},"loc":{"start":{"line":21,"column":20},"end":{"line":21,"column":35}},"line":21}},"branchMap":{},"s":{"0":6,"1":6,"2":6,"3":6,"4":6,"5":6,"6":6,"7":6,"8":6,"9":6,"10":6,"11":6},"f":{"0":6,"1":6,"2":6,"3":6,"4":6,"5":6,"6":6,"7":6,"8":6,"9":6,"10":6},"b":{},"_coverageSchema":"1a1c01bbd47fc00a2c39e90264f33305004495a9","hash":"fb452ddad798fc2f48e4a03e9d1bf323ed71c2de"}
,"C:\\Users\\Computer\\Desktop\\Fasify server\\nodejs2021Q4-service\\src\\resources\\boards\\board.controller.js": {"path":"C:\\Users\\Computer\\Desktop\\Fasify server\\nodejs2021Q4-service\\src\\resources\\boards\\board.controller.js","statementMap":{"0":{"start":{"line":1,"column":19},"end":{"line":1,"column":45}},"1":{"start":{"line":2,"column":17},"end":{"line":2,"column":41}},"2":{"start":{"line":3,"column":13},"end":{"line":3,"column":34}},"3":{"start":{"line":6,"column":13},"end":{"line":6,"column":38}},"4":{"start":{"line":6,"column":17},"end":{"line":6,"column":38}},"5":{"start":{"line":8,"column":14},"end":{"line":21,"column":1}},"6":{"start":{"line":9,"column":17},"end":{"line":9,"column":27}},"7":{"start":{"line":10,"column":16},"end":{"line":10,"column":40}},"8":{"start":{"line":12,"column":4},"end":{"line":19,"column":5}},"9":{"start":{"line":12,"column":14},"end":{"line":14,"column":16}},"10":{"start":{"line":16,"column":8},"end":{"line":18,"column":26}},"11":{"start":{"line":24,"column":18},"end":{"line":36,"column":1}},"12":{"start":{"line":26,"column":1},"end":{"line":27,"column":23}},"13":{"start":{"line":26,"column":32},"end":{"line":26,"column":60}},"14":{"start":{"line":27,"column":5},"end":{"line":27,"column":23}},"15":{"start":{"line":28,"column":22},"end":{"line":28,"column":41}},"16":{"start":{"line":29,"column":0},"end":{"line":29,"column":32}},"17":{"start":{"line":30,"column":0},"end":{"line":30,"column":41}},"18":{"start":{"line":32,"column":0},"end":{"line":34,"column":22}},"19":{"start":{"line":41,"column":18},"end":{"line":52,"column":1}},"20":{"start":{"line":42,"column":17},"end":{"line":42,"column":27}},"21":{"start":{"line":43,"column":26},"end":{"line":43,"column":34}},"22":{"start":{"line":44,"column":18},"end":{"line":44,"column":45}},"23":{"start":{"line":45,"column":28},"end":{"line":45,"column":64}},"24":{"start":{"line":46,"column":0},"end":{"line":50,"column":30}},"25":{"start":{"line":47,"column":2},"end":{"line":48,"column":24}},"26":{"start":{"line":50,"column":7},"end":{"line":50,"column":29}},"27":{"start":{"line":54,"column":18},"end":{"line":61,"column":1}},"28":{"start":{"line":56,"column":17},"end":{"line":56,"column":27}},"29":{"start":{"line":57,"column":14},"end":{"line":57,"column":42}},"30":{"start":{"line":58,"column":0},"end":{"line":59,"column":28}},"31":{"start":{"line":58,"column":24},"end":{"line":58,"column":43}},"32":{"start":{"line":59,"column":5},"end":{"line":59,"column":27}},"33":{"start":{"line":62,"column":0},"end":{"line":62,"column":67}}},"fnMap":{"0":{"name":"(anonymous_0)","decl":{"start":{"line":6,"column":13},"end":{"line":6,"column":14}},"loc":{"start":{"line":6,"column":17},"end":{"line":6,"column":38}},"line":6},"1":{"name":"(anonymous_1)","decl":{"start":{"line":8,"column":14},"end":{"line":8,"column":15}},"loc":{"start":{"line":8,"column":27},"end":{"line":21,"column":1}},"line":8},"2":{"name":"(anonymous_2)","decl":{"start":{"line":24,"column":18},"end":{"line":24,"column":19}},"loc":{"start":{"line":24,"column":31},"end":{"line":36,"column":1}},"line":24},"3":{"name":"(anonymous_3)","decl":{"start":{"line":41,"column":18},"end":{"line":41,"column":19}},"loc":{"start":{"line":41,"column":31},"end":{"line":52,"column":1}},"line":41},"4":{"name":"(anonymous_4)","decl":{"start":{"line":54,"column":18},"end":{"line":54,"column":19}},"loc":{"start":{"line":54,"column":31},"end":{"line":61,"column":1}},"line":54}},"branchMap":{"0":{"loc":{"start":{"line":12,"column":4},"end":{"line":19,"column":5}},"type":"if","locations":[{"start":{"line":12,"column":4},"end":{"line":19,"column":5}},{"start":{"line":15,"column":8},"end":{"line":19,"column":5}}],"line":12},"1":{"loc":{"start":{"line":26,"column":1},"end":{"line":27,"column":23}},"type":"if","locations":[{"start":{"line":26,"column":1},"end":{"line":27,"column":23}},{"start":{"line":27,"column":5},"end":{"line":27,"column":23}}],"line":26},"2":{"loc":{"start":{"line":46,"column":0},"end":{"line":50,"column":30}},"type":"if","locations":[{"start":{"line":46,"column":0},"end":{"line":50,"column":30}},{"start":{"line":50,"column":6},"end":{"line":50,"column":30}}],"line":46},"3":{"loc":{"start":{"line":58,"column":0},"end":{"line":59,"column":28}},"type":"if","locations":[{"start":{"line":58,"column":0},"end":{"line":59,"column":28}},{"start":{"line":59,"column":4},"end":{"line":59,"column":28}}],"line":58}},"s":{"0":6,"1":6,"2":6,"3":6,"4":3,"5":6,"6":4,"7":4,"8":4,"9":2,"10":2,"11":6,"12":8,"13":0,"14":8,"15":8,"16":8,"17":8,"18":8,"19":6,"20":2,"21":2,"22":2,"23":2,"24":2,"25":1,"26":1,"27":6,"28":7,"29":7,"30":7,"31":6,"32":1,"33":6},"f":{"0":3,"1":4,"2":8,"3":2,"4":7},"b":{"0":[2,2],"1":[0,8],"2":[1,1],"3":[6,1]},"_coverageSchema":"1a1c01bbd47fc00a2c39e90264f33305004495a9","hash":"d8295f22647ec6d872c76e6ad027ea79d21f3b13"}
,"C:\\Users\\Computer\\Desktop\\Fasify server\\nodejs2021Q4-service\\src\\resources\\boards\\board.model.js": {"path":"C:\\Users\\Computer\\Desktop\\Fasify server\\nodejs2021Q4-service\\src\\resources\\boards\\board.model.js","statementMap":{"0":{"start":{"line":1,"column":23},"end":{"line":1,"column":38}},"1":{"start":{"line":3,"column":17},"end":{"line":20,"column":1}},"2":{"start":{"line":7,"column":25},"end":{"line":7,"column":32}},"3":{"start":{"line":12,"column":0},"end":{"line":12,"column":89}},"4":{"start":{"line":12,"column":46},"end":{"line":12,"column":88}},"5":{"start":{"line":14,"column":4},"end":{"line":18,"column":1}},"6":{"start":{"line":22,"column":0},"end":{"line":22,"column":25}}},"fnMap":{"0":{"name":"(anonymous_0)","decl":{"start":{"line":3,"column":17},"end":{"line":3,"column":18}},"loc":{"start":{"line":3,"column":28},"end":{"line":20,"column":1}},"line":3}},"branchMap":{"0":{"loc":{"start":{"line":12,"column":0},"end":{"line":12,"column":89}},"type":"if","locations":[{"start":{"line":12,"column":0},"end":{"line":12,"column":89}},{"start":{},"end":{}}],"line":12},"1":{"loc":{"start":{"line":12,"column":3},"end":{"line":12,"column":44}},"type":"binary-expr","locations":[{"start":{"line":12,"column":3},"end":{"line":12,"column":9}},{"start":{"line":12,"column":11},"end":{"line":12,"column":19}},{"start":{"line":12,"column":21},"end":{"line":12,"column":44}}],"line":12},"2":{"loc":{"start":{"line":15,"column":8},"end":{"line":15,"column":33}},"type":"binary-expr","locations":[{"start":{"line":15,"column":8},"end":{"line":15,"column":10}},{"start":{"line":15,"column":14},"end":{"line":15,"column":33}}],"line":15}},"s":{"0":6,"1":6,"2":10,"3":10,"4":0,"5":10,"6":6},"f":{"0":10},"b":{"0":[0,10],"1":[10,10,10],"2":[10,9]},"_coverageSchema":"1a1c01bbd47fc00a2c39e90264f33305004495a9","hash":"7f4d392c7c412ab312943c24b55de1b16a567d91"}
,"C:\\Users\\Computer\\Desktop\\Fasify server\\nodejs2021Q4-service\\src\\resources\\boards\\board.router.js": {"path":"C:\\Users\\Computer\\Desktop\\Fasify server\\nodejs2021Q4-service\\src\\resources\\boards\\board.router.js","statementMap":{"0":{"start":{"line":2,"column":17},"end":{"line":2,"column":46}},"1":{"start":{"line":3,"column":13},"end":{"line":3,"column":30}},"2":{"start":{"line":5,"column":18},"end":{"line":38,"column":1}},"3":{"start":{"line":9,"column":0},"end":{"line":16,"column":2}},"4":{"start":{"line":10,"column":19},"end":{"line":10,"column":38}},"5":{"start":{"line":13,"column":4},"end":{"line":15,"column":23}},"6":{"start":{"line":18,"column":0},"end":{"line":20,"column":2}},"7":{"start":{"line":19,"column":1},"end":{"line":19,"column":30}},"8":{"start":{"line":23,"column":0},"end":{"line":25,"column":5}},"9":{"start":{"line":24,"column":4},"end":{"line":24,"column":37}},"10":{"start":{"line":26,"column":3},"end":{"line":28,"column":5}},"11":{"start":{"line":27,"column":4},"end":{"line":27,"column":37}},"12":{"start":{"line":30,"column":3},"end":{"line":33,"column":5}},"13":{"start":{"line":32,"column":7},"end":{"line":32,"column":40}},"14":{"start":{"line":34,"column":0},"end":{"line":34,"column":6}},"15":{"start":{"line":40,"column":0},"end":{"line":40,"column":26}}},"fnMap":{"0":{"name":"(anonymous_0)","decl":{"start":{"line":5,"column":18},"end":{"line":5,"column":19}},"loc":{"start":{"line":5,"column":42},"end":{"line":38,"column":1}},"line":5},"1":{"name":"(anonymous_1)","decl":{"start":{"line":9,"column":33},"end":{"line":9,"column":34}},"loc":{"start":{"line":9,"column":46},"end":{"line":16,"column":1}},"line":9},"2":{"name":"(anonymous_2)","decl":{"start":{"line":18,"column":41},"end":{"line":18,"column":42}},"loc":{"start":{"line":18,"column":54},"end":{"line":20,"column":1}},"line":18},"3":{"name":"(anonymous_3)","decl":{"start":{"line":23,"column":34},"end":{"line":23,"column":35}},"loc":{"start":{"line":23,"column":47},"end":{"line":25,"column":4}},"line":23},"4":{"name":"(anonymous_4)","decl":{"start":{"line":26,"column":43},"end":{"line":26,"column":44}},"loc":{"start":{"line":26,"column":56},"end":{"line":28,"column":4}},"line":26},"5":{"name":"(anonymous_5)","decl":{"start":{"line":30,"column":46},"end":{"line":30,"column":47}},"loc":{"start":{"line":30,"column":59},"end":{"line":33,"column":4}},"line":30}},"branchMap":{},"s":{"0":6,"1":6,"2":6,"3":6,"4":3,"5":3,"6":6,"7":4,"8":6,"9":8,"10":6,"11":2,"12":6,"13":7,"14":6,"15":6},"f":{"0":6,"1":3,"2":4,"3":8,"4":2,"5":7},"b":{},"_coverageSchema":"1a1c01bbd47fc00a2c39e90264f33305004495a9","hash":"e4cf68e916405cb12c099ef4431e1961677257c6"}
,"C:\\Users\\Computer\\Desktop\\Fasify server\\nodejs2021Q4-service\\src\\resources\\boards\\board.service.js": {"path":"C:\\Users\\Computer\\Desktop\\Fasify server\\nodejs2021Q4-service\\src\\resources\\boards\\board.service.js","statementMap":{"0":{"start":{"line":1,"column":24},"end":{"line":1,"column":61}},"1":{"start":{"line":7,"column":13},"end":{"line":7,"column":43}},"2":{"start":{"line":7,"column":17},"end":{"line":7,"column":43}},"3":{"start":{"line":8,"column":14},"end":{"line":8,"column":49}},"4":{"start":{"line":8,"column":20},"end":{"line":8,"column":49}},"5":{"start":{"line":9,"column":18},"end":{"line":9,"column":63}},"6":{"start":{"line":9,"column":27},"end":{"line":9,"column":63}},"7":{"start":{"line":10,"column":18},"end":{"line":10,"column":73}},"8":{"start":{"line":10,"column":32},"end":{"line":10,"column":73}},"9":{"start":{"line":11,"column":18},"end":{"line":11,"column":57}},"10":{"start":{"line":11,"column":24},"end":{"line":11,"column":57}},"11":{"start":{"line":12,"column":0},"end":{"line":12,"column":67}}},"fnMap":{"0":{"name":"(anonymous_0)","decl":{"start":{"line":7,"column":13},"end":{"line":7,"column":14}},"loc":{"start":{"line":7,"column":17},"end":{"line":7,"column":43}},"line":7},"1":{"name":"(anonymous_1)","decl":{"start":{"line":8,"column":14},"end":{"line":8,"column":15}},"loc":{"start":{"line":8,"column":20},"end":{"line":8,"column":49}},"line":8},"2":{"name":"(anonymous_2)","decl":{"start":{"line":9,"column":18},"end":{"line":9,"column":19}},"loc":{"start":{"line":9,"column":27},"end":{"line":9,"column":63}},"line":9},"3":{"name":"(anonymous_3)","decl":{"start":{"line":10,"column":18},"end":{"line":10,"column":19}},"loc":{"start":{"line":10,"column":32},"end":{"line":10,"column":73}},"line":10},"4":{"name":"(anonymous_4)","decl":{"start":{"line":11,"column":18},"end":{"line":11,"column":19}},"loc":{"start":{"line":11,"column":24},"end":{"line":11,"column":57}},"line":11}},"branchMap":{},"s":{"0":6,"1":6,"2":3,"3":6,"4":4,"5":6,"6":8,"7":6,"8":2,"9":6,"10":7,"11":6},"f":{"0":3,"1":4,"2":8,"3":2,"4":7},"b":{},"_coverageSchema":"1a1c01bbd47fc00a2c39e90264f33305004495a9","hash":"a7a4f31e6ab6a1265980ead99245f306b70e93e9"}
,"C:\\Users\\Computer\\Desktop\\Fasify server\\nodejs2021Q4-service\\src\\resources\\boards\\boards.memory.repository.js": {"path":"C:\\Users\\Computer\\Desktop\\Fasify server\\nodejs2021Q4-service\\src\\resources\\boards\\boards.memory.repository.js","statementMap":{"0":{"start":{"line":1,"column":13},"end":{"line":1,"column":15}},"1":{"start":{"line":3,"column":13},"end":{"line":3,"column":23}},"2":{"start":{"line":3,"column":17},"end":{"line":3,"column":23}},"3":{"start":{"line":5,"column":14},"end":{"line":9,"column":1}},"4":{"start":{"line":7,"column":19},"end":{"line":7,"column":54}},"5":{"start":{"line":7,"column":40},"end":{"line":7,"column":53}},"6":{"start":{"line":8,"column":1},"end":{"line":8,"column":18}},"7":{"start":{"line":11,"column":18},"end":{"line":13,"column":1}},"8":{"start":{"line":12,"column":0},"end":{"line":12,"column":18}},"9":{"start":{"line":15,"column":18},"end":{"line":34,"column":1}},"10":{"start":{"line":18,"column":0},"end":{"line":21,"column":2}},"11":{"start":{"line":19,"column":2},"end":{"line":19,"column":65}},"12":{"start":{"line":19,"column":32},"end":{"line":19,"column":56}},"13":{"start":{"line":19,"column":56},"end":{"line":19,"column":64}},"14":{"start":{"line":20,"column":1},"end":{"line":20,"column":23}},"15":{"start":{"line":24,"column":0},"end":{"line":30,"column":1}},"16":{"start":{"line":26,"column":2},"end":{"line":26,"column":45}},"17":{"start":{"line":27,"column":2},"end":{"line":27,"column":49}},"18":{"start":{"line":32,"column":0},"end":{"line":32,"column":30}},"19":{"start":{"line":36,"column":18},"end":{"line":48,"column":3}},"20":{"start":{"line":37,"column":18},"end":{"line":37,"column":20}},"21":{"start":{"line":39,"column":0},"end":{"line":45,"column":3}},"22":{"start":{"line":40,"column":2},"end":{"line":44,"column":29}},"23":{"start":{"line":40,"column":22},"end":{"line":40,"column":44}},"24":{"start":{"line":41,"column":4},"end":{"line":41,"column":23}},"25":{"start":{"line":44,"column":7},"end":{"line":44,"column":28}},"26":{"start":{"line":46,"column":2},"end":{"line":46,"column":20}},"27":{"start":{"line":51,"column":0},"end":{"line":51,"column":67}}},"fnMap":{"0":{"name":"(anonymous_0)","decl":{"start":{"line":3,"column":13},"end":{"line":3,"column":14}},"loc":{"start":{"line":3,"column":17},"end":{"line":3,"column":23}},"line":3},"1":{"name":"(anonymous_1)","decl":{"start":{"line":5,"column":14},"end":{"line":5,"column":15}},"loc":{"start":{"line":5,"column":20},"end":{"line":9,"column":1}},"line":5},"2":{"name":"(anonymous_2)","decl":{"start":{"line":7,"column":31},"end":{"line":7,"column":32}},"loc":{"start":{"line":7,"column":40},"end":{"line":7,"column":53}},"line":7},"3":{"name":"(anonymous_3)","decl":{"start":{"line":11,"column":18},"end":{"line":11,"column":19}},"loc":{"start":{"line":11,"column":27},"end":{"line":13,"column":1}},"line":11},"4":{"name":"(anonymous_4)","decl":{"start":{"line":15,"column":18},"end":{"line":15,"column":19}},"loc":{"start":{"line":15,"column":32},"end":{"line":34,"column":1}},"line":15},"5":{"name":"(anonymous_5)","decl":{"start":{"line":18,"column":12},"end":{"line":18,"column":13}},"loc":{"start":{"line":18,"column":27},"end":{"line":21,"column":1}},"line":18},"6":{"name":"(anonymous_6)","decl":{"start":{"line":36,"column":18},"end":{"line":36,"column":19}},"loc":{"start":{"line":36,"column":24},"end":{"line":48,"column":3}},"line":36},"7":{"name":"(anonymous_7)","decl":{"start":{"line":39,"column":15},"end":{"line":39,"column":16}},"loc":{"start":{"line":39,"column":34},"end":{"line":45,"column":1}},"line":39}},"branchMap":{"0":{"loc":{"start":{"line":19,"column":2},"end":{"line":19,"column":65}},"type":"if","locations":[{"start":{"line":19,"column":2},"end":{"line":19,"column":65}},{"start":{},"end":{}}],"line":19},"1":{"loc":{"start":{"line":24,"column":0},"end":{"line":30,"column":1}},"type":"if","locations":[{"start":{"line":24,"column":0},"end":{"line":30,"column":1}},{"start":{},"end":{}}],"line":24},"2":{"loc":{"start":{"line":24,"column":3},"end":{"line":24,"column":39}},"type":"binary-expr","locations":[{"start":{"line":24,"column":3},"end":{"line":24,"column":18}},{"start":{"line":24,"column":20},"end":{"line":24,"column":39}}],"line":24},"3":{"loc":{"start":{"line":40,"column":2},"end":{"line":44,"column":29}},"type":"if","locations":[{"start":{"line":40,"column":2},"end":{"line":44,"column":29}},{"start":{"line":44,"column":6},"end":{"line":44,"column":29}}],"line":40}},"s":{"0":6,"1":6,"2":3,"3":6,"4":4,"5":4,"6":4,"7":6,"8":8,"9":6,"10":2,"11":3,"12":1,"13":1,"14":2,"15":2,"16":1,"17":1,"18":2,"19":6,"20":7,"21":7,"22":11,"23":6,"24":6,"25":5,"26":7,"27":6},"f":{"0":3,"1":4,"2":4,"3":8,"4":2,"5":3,"6":7,"7":11},"b":{"0":[1,2],"1":[1,1],"2":[2,1],"3":[6,5]},"_coverageSchema":"1a1c01bbd47fc00a2c39e90264f33305004495a9","hash":"2d29d099216840198c47ef885fb1c85368cce74f"}
,"C:\\Users\\Computer\\Desktop\\Fasify server\\nodejs2021Q4-service\\src\\resources\\tasks\\task.controller.js": {"path":"C:\\Users\\Computer\\Desktop\\Fasify server\\nodejs2021Q4-service\\src\\resources\\tasks\\task.controller.js","statementMap":{"0":{"start":{"line":1,"column":10},"end":{"line":1,"column":45}},"1":{"start":{"line":2,"column":12},"end":{"line":2,"column":35}},"2":{"start":{"line":5,"column":18},"end":{"line":10,"column":1}},"3":{"start":{"line":7,"column":4},"end":{"line":9,"column":16}},"4":{"start":{"line":13,"column":18},"end":{"line":26,"column":1}},"5":{"start":{"line":14,"column":23},"end":{"line":14,"column":33}},"6":{"start":{"line":17,"column":12},"end":{"line":17,"column":72}},"7":{"start":{"line":17,"column":31},"end":{"line":17,"column":71}},"8":{"start":{"line":18,"column":0},"end":{"line":25,"column":1}},"9":{"start":{"line":19,"column":2},"end":{"line":21,"column":12}},"10":{"start":{"line":24,"column":4},"end":{"line":24,"column":26}},"11":{"start":{"line":28,"column":17},"end":{"line":38,"column":1}},"12":{"start":{"line":31,"column":4},"end":{"line":32,"column":26}},"13":{"start":{"line":31,"column":35},"end":{"line":31,"column":63}},"14":{"start":{"line":32,"column":9},"end":{"line":32,"column":25}},"15":{"start":{"line":33,"column":20},"end":{"line":33,"column":58}},"16":{"start":{"line":34,"column":4},"end":{"line":34,"column":25}},"17":{"start":{"line":35,"column":4},"end":{"line":37,"column":20}},"18":{"start":{"line":43,"column":17},"end":{"line":76,"column":1}},"19":{"start":{"line":44,"column":25},"end":{"line":44,"column":35}},"20":{"start":{"line":49,"column":0},"end":{"line":54,"column":2}},"21":{"start":{"line":50,"column":2},"end":{"line":53,"column":3}},"22":{"start":{"line":51,"column":4},"end":{"line":51,"column":20}},"23":{"start":{"line":56,"column":0},"end":{"line":69,"column":1}},"24":{"start":{"line":57,"column":0},"end":{"line":57,"column":38}},"25":{"start":{"line":58,"column":0},"end":{"line":58,"column":38}},"26":{"start":{"line":59,"column":0},"end":{"line":59,"column":50}},"27":{"start":{"line":61,"column":0},"end":{"line":63,"column":24}},"28":{"start":{"line":66,"column":2},"end":{"line":68,"column":9}},"29":{"start":{"line":86,"column":17},"end":{"line":104,"column":1}},"30":{"start":{"line":87,"column":26},"end":{"line":87,"column":36}},"31":{"start":{"line":88,"column":15},"end":{"line":88,"column":73}},"32":{"start":{"line":88,"column":32},"end":{"line":88,"column":72}},"33":{"start":{"line":89,"column":1},"end":{"line":100,"column":1}},"34":{"start":{"line":90,"column":4},"end":{"line":90,"column":70}},"35":{"start":{"line":90,"column":29},"end":{"line":90,"column":69}},"36":{"start":{"line":92,"column":0},"end":{"line":94,"column":7}},"37":{"start":{"line":97,"column":2},"end":{"line":99,"column":7}},"38":{"start":{"line":112,"column":0},"end":{"line":112,"column":73}}},"fnMap":{"0":{"name":"(anonymous_0)","decl":{"start":{"line":5,"column":18},"end":{"line":5,"column":19}},"loc":{"start":{"line":6,"column":0},"end":{"line":10,"column":1}},"line":6},"1":{"name":"(anonymous_1)","decl":{"start":{"line":13,"column":18},"end":{"line":13,"column":19}},"loc":{"start":{"line":13,"column":31},"end":{"line":26,"column":1}},"line":13},"2":{"name":"(anonymous_2)","decl":{"start":{"line":17,"column":23},"end":{"line":17,"column":24}},"loc":{"start":{"line":17,"column":31},"end":{"line":17,"column":71}},"line":17},"3":{"name":"(anonymous_3)","decl":{"start":{"line":28,"column":17},"end":{"line":28,"column":18}},"loc":{"start":{"line":28,"column":30},"end":{"line":38,"column":1}},"line":28},"4":{"name":"(anonymous_4)","decl":{"start":{"line":43,"column":17},"end":{"line":43,"column":18}},"loc":{"start":{"line":43,"column":30},"end":{"line":76,"column":1}},"line":43},"5":{"name":"(anonymous_5)","decl":{"start":{"line":49,"column":14},"end":{"line":49,"column":15}},"loc":{"start":{"line":49,"column":28},"end":{"line":54,"column":1}},"line":49},"6":{"name":"(anonymous_6)","decl":{"start":{"line":86,"column":17},"end":{"line":86,"column":18}},"loc":{"start":{"line":86,"column":30},"end":{"line":104,"column":1}},"line":86},"7":{"name":"(anonymous_7)","decl":{"start":{"line":88,"column":26},"end":{"line":88,"column":27}},"loc":{"start":{"line":88,"column":32},"end":{"line":88,"column":72}},"line":88},"8":{"name":"(anonymous_8)","decl":{"start":{"line":90,"column":23},"end":{"line":90,"column":24}},"loc":{"start":{"line":90,"column":29},"end":{"line":90,"column":69}},"line":90}},"branchMap":{"0":{"loc":{"start":{"line":17,"column":31},"end":{"line":17,"column":71}},"type":"binary-expr","locations":[{"start":{"line":17,"column":31},"end":{"line":17,"column":53}},{"start":{"line":17,"column":55},"end":{"line":17,"column":71}}],"line":17},"1":{"loc":{"start":{"line":18,"column":0},"end":{"line":25,"column":1}},"type":"if","locations":[{"start":{"line":18,"column":0},"end":{"line":25,"column":1}},{"start":{"line":23,"column":4},"end":{"line":25,"column":1}}],"line":18},"2":{"loc":{"start":{"line":31,"column":4},"end":{"line":32,"column":26}},"type":"if","locations":[{"start":{"line":31,"column":4},"end":{"line":32,"column":26}},{"start":{"line":32,"column":8},"end":{"line":32,"column":26}}],"line":31},"3":{"loc":{"start":{"line":50,"column":2},"end":{"line":53,"column":3}},"type":"if","locations":[{"start":{"line":50,"column":2},"end":{"line":53,"column":3}},{"start":{},"end":{}}],"line":50},"4":{"loc":{"start":{"line":50,"column":5},"end":{"line":50,"column":45}},"type":"binary-expr","locations":[{"start":{"line":50,"column":5},"end":{"line":50,"column":27}},{"start":{"line":50,"column":29},"end":{"line":50,"column":45}}],"line":50},"5":{"loc":{"start":{"line":56,"column":0},"end":{"line":69,"column":1}},"type":"if","locations":[{"start":{"line":56,"column":0},"end":{"line":69,"column":1}},{"start":{"line":65,"column":4},"end":{"line":69,"column":1}}],"line":56},"6":{"loc":{"start":{"line":88,"column":32},"end":{"line":88,"column":72}},"type":"binary-expr","locations":[{"start":{"line":88,"column":32},"end":{"line":88,"column":54}},{"start":{"line":88,"column":56},"end":{"line":88,"column":72}}],"line":88},"7":{"loc":{"start":{"line":89,"column":1},"end":{"line":100,"column":1}},"type":"if","locations":[{"start":{"line":89,"column":1},"end":{"line":100,"column":1}},{"start":{"line":96,"column":4},"end":{"line":100,"column":1}}],"line":89},"8":{"loc":{"start":{"line":90,"column":29},"end":{"line":90,"column":69}},"type":"binary-expr","locations":[{"start":{"line":90,"column":29},"end":{"line":90,"column":51}},{"start":{"line":90,"column":53},"end":{"line":90,"column":69}}],"line":90}},"s":{"0":6,"1":6,"2":6,"3":3,"4":6,"5":16,"6":16,"7":14,"8":16,"9":14,"10":2,"11":6,"12":11,"13":0,"14":11,"15":11,"16":11,"17":11,"18":6,"19":2,"20":2,"21":2,"22":1,"23":2,"24":1,"25":1,"26":1,"27":1,"28":1,"29":6,"30":3,"31":3,"32":3,"33":3,"34":3,"35":4,"36":3,"37":0,"38":6},"f":{"0":3,"1":16,"2":14,"3":11,"4":2,"5":2,"6":3,"7":3,"8":4},"b":{"0":[14,0],"1":[14,2],"2":[0,11],"3":[1,1],"4":[2,2],"5":[1,1],"6":[3,0],"7":[3,0],"8":[4,0]},"_coverageSchema":"1a1c01bbd47fc00a2c39e90264f33305004495a9","hash":"b7221adf5e99445c4d834b6fbf8846b535a4b33e"}
,"C:\\Users\\Computer\\Desktop\\Fasify server\\nodejs2021Q4-service\\src\\resources\\tasks\\task.memory.repository.js": {"path":"C:\\Users\\Computer\\Desktop\\Fasify server\\nodejs2021Q4-service\\src\\resources\\tasks\\task.memory.repository.js","statementMap":{"0":{"start":{"line":1,"column":12},"end":{"line":1,"column":14}},"1":{"start":{"line":3,"column":0},"end":{"line":3,"column":20}}},"fnMap":{},"branchMap":{},"s":{"0":6,"1":6},"f":{},"b":{},"_coverageSchema":"1a1c01bbd47fc00a2c39e90264f33305004495a9","hash":"f07168c8641513be815f00a388d1e24f86f046c7"}
,"C:\\Users\\Computer\\Desktop\\Fasify server\\nodejs2021Q4-service\\src\\resources\\tasks\\task.model.js": {"path":"C:\\Users\\Computer\\Desktop\\Fasify server\\nodejs2021Q4-service\\src\\resources\\tasks\\task.model.js","statementMap":{"0":{"start":{"line":1,"column":23},"end":{"line":1,"column":38}},"1":{"start":{"line":5,"column":60},"end":{"line":5,"column":67}},"2":{"start":{"line":6,"column":15},"end":{"line":6,"column":17}},"3":{"start":{"line":10,"column":2},"end":{"line":18,"column":5}},"4":{"start":{"line":21,"column":0},"end":{"line":21,"column":24}}},"fnMap":{"0":{"name":"taskModel","decl":{"start":{"line":3,"column":9},"end":{"line":3,"column":18}},"loc":{"start":{"line":3,"column":30},"end":{"line":19,"column":1}},"line":3}},"branchMap":{"0":{"loc":{"start":{"line":11,"column":9},"end":{"line":11,"column":27}},"type":"binary-expr","locations":[{"start":{"line":11,"column":9},"end":{"line":11,"column":17}},{"start":{"line":11,"column":19},"end":{"line":11,"column":27}}],"line":11}},"s":{"0":6,"1":11,"2":11,"3":11,"4":6},"f":{"0":11},"b":{"0":[11,11]},"_coverageSchema":"1a1c01bbd47fc00a2c39e90264f33305004495a9","hash":"51f0b260e5bca69ed1982605e1d471cf2a4911d3"}
,"C:\\Users\\Computer\\Desktop\\Fasify server\\nodejs2021Q4-service\\src\\resources\\tasks\\task.router.js": {"path":"C:\\Users\\Computer\\Desktop\\Fasify server\\nodejs2021Q4-service\\src\\resources\\tasks\\task.router.js","statementMap":{"0":{"start":{"line":1,"column":13},"end":{"line":1,"column":30}},"1":{"start":{"line":2,"column":17},"end":{"line":2,"column":45}},"2":{"start":{"line":5,"column":17},"end":{"line":33,"column":1}},"3":{"start":{"line":7,"column":2},"end":{"line":11,"column":6}},"4":{"start":{"line":9,"column":4},"end":{"line":9,"column":37}},"5":{"start":{"line":13,"column":0},"end":{"line":17,"column":2}},"6":{"start":{"line":15,"column":0},"end":{"line":15,"column":33}},"7":{"start":{"line":19,"column":0},"end":{"line":22,"column":2}},"8":{"start":{"line":21,"column":0},"end":{"line":21,"column":32}},"9":{"start":{"line":24,"column":0},"end":{"line":26,"column":2}},"10":{"start":{"line":25,"column":2},"end":{"line":25,"column":34}},"11":{"start":{"line":29,"column":0},"end":{"line":31,"column":2}},"12":{"start":{"line":30,"column":2},"end":{"line":30,"column":34}},"13":{"start":{"line":32,"column":0},"end":{"line":32,"column":6}},"14":{"start":{"line":35,"column":0},"end":{"line":35,"column":25}}},"fnMap":{"0":{"name":"(anonymous_0)","decl":{"start":{"line":5,"column":17},"end":{"line":5,"column":18}},"loc":{"start":{"line":5,"column":41},"end":{"line":33,"column":1}},"line":5},"1":{"name":"(anonymous_1)","decl":{"start":{"line":7,"column":57},"end":{"line":7,"column":58}},"loc":{"start":{"line":7,"column":70},"end":{"line":11,"column":5}},"line":7},"2":{"name":"(anonymous_2)","decl":{"start":{"line":13,"column":39},"end":{"line":13,"column":40}},"loc":{"start":{"line":13,"column":52},"end":{"line":17,"column":1}},"line":13},"3":{"name":"(anonymous_3)","decl":{"start":{"line":19,"column":40},"end":{"line":19,"column":41}},"loc":{"start":{"line":19,"column":53},"end":{"line":22,"column":1}},"line":19},"4":{"name":"(anonymous_4)","decl":{"start":{"line":24,"column":54},"end":{"line":24,"column":55}},"loc":{"start":{"line":24,"column":67},"end":{"line":26,"column":1}},"line":24},"5":{"name":"(anonymous_5)","decl":{"start":{"line":29,"column":57},"end":{"line":29,"column":58}},"loc":{"start":{"line":29,"column":70},"end":{"line":31,"column":1}},"line":29}},"branchMap":{},"s":{"0":6,"1":6,"2":6,"3":6,"4":16,"5":6,"6":3,"7":6,"8":11,"9":6,"10":2,"11":6,"12":3,"13":6,"14":6},"f":{"0":6,"1":16,"2":3,"3":11,"4":2,"5":3},"b":{},"_coverageSchema":"1a1c01bbd47fc00a2c39e90264f33305004495a9","hash":"88f869845cbb51af7fbd7b22befd22ee78f2d3f9"}
,"C:\\Users\\Computer\\Desktop\\Fasify server\\nodejs2021Q4-service\\src\\resources\\users\\user.controller.js": {"path":"C:\\Users\\Computer\\Desktop\\Fasify server\\nodejs2021Q4-service\\src\\resources\\users\\user.controller.js","statementMap":{"0":{"start":{"line":1,"column":13},"end":{"line":1,"column":36}},"1":{"start":{"line":2,"column":21},"end":{"line":2,"column":46}},"2":{"start":{"line":9,"column":13},"end":{"line":15,"column":1}},"3":{"start":{"line":10,"column":17},"end":{"line":10,"column":38}},"4":{"start":{"line":13,"column":4},"end":{"line":13,"column":19}},"5":{"start":{"line":14,"column":4},"end":{"line":14,"column":76}},"6":{"start":{"line":14,"column":42},"end":{"line":14,"column":71}},"7":{"start":{"line":18,"column":14},"end":{"line":34,"column":1}},"8":{"start":{"line":19,"column":17},"end":{"line":19,"column":27}},"9":{"start":{"line":20,"column":14},"end":{"line":20,"column":35}},"10":{"start":{"line":21,"column":24},"end":{"line":21,"column":60}},"11":{"start":{"line":21,"column":47},"end":{"line":21,"column":59}},"12":{"start":{"line":22,"column":8},"end":{"line":33,"column":3}},"13":{"start":{"line":23,"column":31},"end":{"line":23,"column":57}},"14":{"start":{"line":24,"column":4},"end":{"line":26,"column":23}},"15":{"start":{"line":31,"column":4},"end":{"line":32,"column":11}},"16":{"start":{"line":38,"column":17},"end":{"line":44,"column":1}},"17":{"start":{"line":39,"column":17},"end":{"line":39,"column":30}},"18":{"start":{"line":41,"column":4},"end":{"line":41,"column":31}},"19":{"start":{"line":42,"column":4},"end":{"line":42,"column":19}},"20":{"start":{"line":43,"column":3},"end":{"line":43,"column":24}},"21":{"start":{"line":47,"column":15},"end":{"line":61,"column":1}},"22":{"start":{"line":48,"column":19},"end":{"line":48,"column":97}},"23":{"start":{"line":49,"column":17},"end":{"line":49,"column":24}},"24":{"start":{"line":50,"column":16},"end":{"line":50,"column":37}},"25":{"start":{"line":51,"column":5},"end":{"line":51,"column":38}},"26":{"start":{"line":53,"column":25},"end":{"line":53,"column":55}},"27":{"start":{"line":53,"column":42},"end":{"line":53,"column":54}},"28":{"start":{"line":55,"column":36},"end":{"line":55,"column":67}},"29":{"start":{"line":57,"column":4},"end":{"line":60,"column":36}},"30":{"start":{"line":64,"column":14},"end":{"line":70,"column":1}},"31":{"start":{"line":65,"column":17},"end":{"line":65,"column":27}},"32":{"start":{"line":66,"column":20},"end":{"line":66,"column":52}},"33":{"start":{"line":67,"column":18},"end":{"line":67,"column":47}},"34":{"start":{"line":68,"column":0},"end":{"line":69,"column":18}},"35":{"start":{"line":72,"column":0},"end":{"line":72,"column":59}}},"fnMap":{"0":{"name":"(anonymous_0)","decl":{"start":{"line":9,"column":13},"end":{"line":9,"column":14}},"loc":{"start":{"line":9,"column":26},"end":{"line":15,"column":1}},"line":9},"1":{"name":"(anonymous_1)","decl":{"start":{"line":14,"column":25},"end":{"line":14,"column":26}},"loc":{"start":{"line":14,"column":42},"end":{"line":14,"column":71}},"line":14},"2":{"name":"(anonymous_2)","decl":{"start":{"line":18,"column":14},"end":{"line":18,"column":15}},"loc":{"start":{"line":18,"column":32},"end":{"line":34,"column":1}},"line":18},"3":{"name":"(anonymous_3)","decl":{"start":{"line":21,"column":41},"end":{"line":21,"column":42}},"loc":{"start":{"line":21,"column":47},"end":{"line":21,"column":59}},"line":21},"4":{"name":"(anonymous_4)","decl":{"start":{"line":38,"column":17},"end":{"line":38,"column":18}},"loc":{"start":{"line":38,"column":30},"end":{"line":44,"column":1}},"line":38},"5":{"name":"(anonymous_5)","decl":{"start":{"line":47,"column":15},"end":{"line":47,"column":16}},"loc":{"start":{"line":47,"column":28},"end":{"line":61,"column":1}},"line":47},"6":{"name":"(anonymous_6)","decl":{"start":{"line":53,"column":36},"end":{"line":53,"column":37}},"loc":{"start":{"line":53,"column":42},"end":{"line":53,"column":54}},"line":53},"7":{"name":"(anonymous_7)","decl":{"start":{"line":64,"column":14},"end":{"line":64,"column":15}},"loc":{"start":{"line":64,"column":27},"end":{"line":70,"column":1}},"line":64}},"branchMap":{"0":{"loc":{"start":{"line":22,"column":8},"end":{"line":33,"column":3}},"type":"if","locations":[{"start":{"line":22,"column":8},"end":{"line":33,"column":3}},{"start":{"line":30,"column":6},"end":{"line":33,"column":3}}],"line":22}},"s":{"0":6,"1":6,"2":6,"3":2,"4":2,"5":2,"6":0,"7":6,"8":3,"9":3,"10":3,"11":4,"12":3,"13":2,"14":2,"15":1,"16":6,"17":6,"18":6,"19":6,"20":6,"21":6,"22":6,"23":6,"24":6,"25":6,"26":6,"27":16,"28":6,"29":6,"30":6,"31":2,"32":2,"33":2,"34":1,"35":6},"f":{"0":2,"1":0,"2":3,"3":4,"4":6,"5":6,"6":16,"7":2},"b":{"0":[2,1]},"_coverageSchema":"1a1c01bbd47fc00a2c39e90264f33305004495a9","hash":"64bcb7000e31da9204090c3e8946aae85757472c"}
,"C:\\Users\\Computer\\Desktop\\Fasify server\\nodejs2021Q4-service\\src\\resources\\users\\user.memory.repository.js": {"path":"C:\\Users\\Computer\\Desktop\\Fasify server\\nodejs2021Q4-service\\src\\resources\\users\\user.memory.repository.js","statementMap":{"0":{"start":{"line":1,"column":11},"end":{"line":1,"column":13}},"1":{"start":{"line":3,"column":14},"end":{"line":3,"column":20}},"2":{"start":{"line":3,"column":18},"end":{"line":3,"column":20}},"3":{"start":{"line":7,"column":15},"end":{"line":7,"column":38}},"4":{"start":{"line":7,"column":25},"end":{"line":7,"column":38}},"5":{"start":{"line":11,"column":16},"end":{"line":38,"column":1}},"6":{"start":{"line":12,"column":21},"end":{"line":35,"column":4}},"7":{"start":{"line":14,"column":4},"end":{"line":31,"column":5}},"8":{"start":{"line":15,"column":6},"end":{"line":17,"column":7}},"9":{"start":{"line":16,"column":8},"end":{"line":16,"column":37}},"10":{"start":{"line":18,"column":6},"end":{"line":20,"column":7}},"11":{"start":{"line":19,"column":7},"end":{"line":19,"column":37}},"12":{"start":{"line":21,"column":6},"end":{"line":23,"column":7}},"13":{"start":{"line":22,"column":8},"end":{"line":22,"column":46}},"14":{"start":{"line":24,"column":6},"end":{"line":26,"column":7}},"15":{"start":{"line":25,"column":8},"end":{"line":25,"column":40}},"16":{"start":{"line":29,"column":3},"end":{"line":29,"column":18}},"17":{"start":{"line":32,"column":0},"end":{"line":32,"column":17}},"18":{"start":{"line":36,"column":1},"end":{"line":36,"column":20}},"19":{"start":{"line":40,"column":17},"end":{"line":43,"column":1}},"20":{"start":{"line":41,"column":0},"end":{"line":41,"column":30}},"21":{"start":{"line":41,"column":16},"end":{"line":41,"column":29}},"22":{"start":{"line":46,"column":0},"end":{"line":46,"column":54}}},"fnMap":{"0":{"name":"(anonymous_0)","decl":{"start":{"line":3,"column":14},"end":{"line":3,"column":15}},"loc":{"start":{"line":3,"column":18},"end":{"line":3,"column":20}},"line":3},"1":{"name":"(anonymous_1)","decl":{"start":{"line":7,"column":15},"end":{"line":7,"column":16}},"loc":{"start":{"line":7,"column":25},"end":{"line":7,"column":38}},"line":7},"2":{"name":"(anonymous_2)","decl":{"start":{"line":11,"column":16},"end":{"line":11,"column":17}},"loc":{"start":{"line":11,"column":33},"end":{"line":38,"column":1}},"line":11},"3":{"name":"(anonymous_3)","decl":{"start":{"line":12,"column":29},"end":{"line":12,"column":30}},"loc":{"start":{"line":12,"column":46},"end":{"line":35,"column":3}},"line":12},"4":{"name":"(anonymous_4)","decl":{"start":{"line":40,"column":17},"end":{"line":40,"column":18}},"loc":{"start":{"line":40,"column":23},"end":{"line":43,"column":1}},"line":40},"5":{"name":"(anonymous_5)","decl":{"start":{"line":41,"column":10},"end":{"line":41,"column":11}},"loc":{"start":{"line":41,"column":16},"end":{"line":41,"column":29}},"line":41}},"branchMap":{"0":{"loc":{"start":{"line":14,"column":4},"end":{"line":31,"column":5}},"type":"if","locations":[{"start":{"line":14,"column":4},"end":{"line":31,"column":5}},{"start":{},"end":{}}],"line":14},"1":{"loc":{"start":{"line":15,"column":6},"end":{"line":17,"column":7}},"type":"if","locations":[{"start":{"line":15,"column":6},"end":{"line":17,"column":7}},{"start":{},"end":{}}],"line":15},"2":{"loc":{"start":{"line":18,"column":6},"end":{"line":20,"column":7}},"type":"if","locations":[{"start":{"line":18,"column":6},"end":{"line":20,"column":7}},{"start":{},"end":{}}],"line":18},"3":{"loc":{"start":{"line":21,"column":6},"end":{"line":23,"column":7}},"type":"if","locations":[{"start":{"line":21,"column":6},"end":{"line":23,"column":7}},{"start":{},"end":{}}],"line":21},"4":{"loc":{"start":{"line":24,"column":6},"end":{"line":26,"column":7}},"type":"if","locations":[{"start":{"line":24,"column":6},"end":{"line":26,"column":7}},{"start":{},"end":{}}],"line":24}},"s":{"0":6,"1":6,"2":11,"3":6,"4":6,"5":6,"6":2,"7":4,"8":1,"9":0,"10":1,"11":1,"12":1,"13":1,"14":1,"15":1,"16":1,"17":4,"18":2,"19":6,"20":6,"21":16,"22":6},"f":{"0":11,"1":6,"2":2,"3":4,"4":6,"5":16},"b":{"0":[1,3],"1":[0,1],"2":[1,0],"3":[1,0],"4":[1,0]},"_coverageSchema":"1a1c01bbd47fc00a2c39e90264f33305004495a9","hash":"a64968f022fa70a860af709ed1a67c00d36fea6e"}
,"C:\\Users\\Computer\\Desktop\\Fasify server\\nodejs2021Q4-service\\src\\resources\\users\\user.model.js": {"path":"C:\\Users\\Computer\\Desktop\\Fasify server\\nodejs2021Q4-service\\src\\resources\\users\\user.model.js","statementMap":{"0":{"start":{"line":1,"column":23},"end":{"line":1,"column":38}},"1":{"start":{"line":10,"column":4},"end":{"line":10,"column":17}},"2":{"start":{"line":11,"column":4},"end":{"line":11,"column":21}},"3":{"start":{"line":12,"column":4},"end":{"line":12,"column":23}},"4":{"start":{"line":13,"column":4},"end":{"line":13,"column":29}},"5":{"start":{"line":17,"column":32},"end":{"line":17,"column":36}},"6":{"start":{"line":18,"column":4},"end":{"line":18,"column":31}},"7":{"start":{"line":22,"column":0},"end":{"line":22,"column":22}}},"fnMap":{"0":{"name":"(anonymous_0)","decl":{"start":{"line":4,"column":2},"end":{"line":4,"column":3}},"loc":{"start":{"line":9,"column":10},"end":{"line":14,"column":3}},"line":9},"1":{"name":"(anonymous_1)","decl":{"start":{"line":16,"column":2},"end":{"line":16,"column":3}},"loc":{"start":{"line":16,"column":26},"end":{"line":19,"column":3}},"line":16}},"branchMap":{"0":{"loc":{"start":{"line":4,"column":14},"end":{"line":9,"column":8}},"type":"default-arg","locations":[{"start":{"line":9,"column":6},"end":{"line":9,"column":8}}],"line":4},"1":{"loc":{"start":{"line":5,"column":4},"end":{"line":5,"column":17}},"type":"default-arg","locations":[{"start":{"line":5,"column":9},"end":{"line":5,"column":17}}],"line":5},"2":{"loc":{"start":{"line":6,"column":4},"end":{"line":6,"column":17}},"type":"default-arg","locations":[{"start":{"line":6,"column":11},"end":{"line":6,"column":17}}],"line":6},"3":{"loc":{"start":{"line":7,"column":4},"end":{"line":7,"column":18}},"type":"default-arg","locations":[{"start":{"line":7,"column":12},"end":{"line":7,"column":18}}],"line":7},"4":{"loc":{"start":{"line":8,"column":4},"end":{"line":8,"column":25}},"type":"default-arg","locations":[{"start":{"line":8,"column":15},"end":{"line":8,"column":25}}],"line":8}},"s":{"0":6,"1":6,"2":6,"3":6,"4":6,"5":10,"6":9,"7":6},"f":{"0":6,"1":10},"b":{"0":[0],"1":[6],"2":[0],"3":[0],"4":[0]},"_coverageSchema":"1a1c01bbd47fc00a2c39e90264f33305004495a9","hash":"270c8c7538beeac2156400c71d0a99b14f36d1ea"}
,"C:\\Users\\Computer\\Desktop\\Fasify server\\nodejs2021Q4-service\\src\\resources\\users\\user.router.js": {"path":"C:\\Users\\Computer\\Desktop\\Fasify server\\nodejs2021Q4-service\\src\\resources\\users\\user.router.js","statementMap":{"0":{"start":{"line":3,"column":10},"end":{"line":3,"column":27}},"1":{"start":{"line":5,"column":17},"end":{"line":5,"column":45}},"2":{"start":{"line":9,"column":18},"end":{"line":43,"column":1}},"3":{"start":{"line":14,"column":2},"end":{"line":17,"column":6}},"4":{"start":{"line":15,"column":2},"end":{"line":15,"column":30}},"5":{"start":{"line":20,"column":0},"end":{"line":23,"column":2}},"6":{"start":{"line":21,"column":1},"end":{"line":21,"column":30}},"7":{"start":{"line":26,"column":2},"end":{"line":30,"column":4}},"8":{"start":{"line":28,"column":1},"end":{"line":28,"column":31}},"9":{"start":{"line":33,"column":0},"end":{"line":35,"column":2}},"10":{"start":{"line":34,"column":0},"end":{"line":34,"column":29}},"11":{"start":{"line":38,"column":0},"end":{"line":40,"column":2}},"12":{"start":{"line":39,"column":0},"end":{"line":39,"column":32}},"13":{"start":{"line":42,"column":1},"end":{"line":42,"column":7}},"14":{"start":{"line":45,"column":0},"end":{"line":45,"column":28}}},"fnMap":{"0":{"name":"(anonymous_0)","decl":{"start":{"line":9,"column":18},"end":{"line":9,"column":19}},"loc":{"start":{"line":9,"column":50},"end":{"line":43,"column":1}},"line":9},"1":{"name":"(anonymous_1)","decl":{"start":{"line":14,"column":31},"end":{"line":14,"column":32}},"loc":{"start":{"line":14,"column":44},"end":{"line":17,"column":5}},"line":14},"2":{"name":"(anonymous_2)","decl":{"start":{"line":20,"column":37},"end":{"line":20,"column":38}},"loc":{"start":{"line":20,"column":50},"end":{"line":23,"column":1}},"line":20},"3":{"name":"(anonymous_3)","decl":{"start":{"line":26,"column":32},"end":{"line":26,"column":33}},"loc":{"start":{"line":26,"column":45},"end":{"line":30,"column":3}},"line":26},"4":{"name":"(anonymous_4)","decl":{"start":{"line":33,"column":36},"end":{"line":33,"column":37}},"loc":{"start":{"line":33,"column":49},"end":{"line":35,"column":1}},"line":33},"5":{"name":"(anonymous_5)","decl":{"start":{"line":38,"column":39},"end":{"line":38,"column":40}},"loc":{"start":{"line":38,"column":52},"end":{"line":40,"column":1}},"line":38}},"branchMap":{},"s":{"0":6,"1":6,"2":6,"3":6,"4":2,"5":6,"6":3,"7":6,"8":6,"9":6,"10":2,"11":6,"12":6,"13":6,"14":6},"f":{"0":6,"1":2,"2":3,"3":6,"4":2,"5":6},"b":{},"_coverageSchema":"1a1c01bbd47fc00a2c39e90264f33305004495a9","hash":"8646354de47c392b966eac9ee77e8730a9e2df00"}
,"C:\\Users\\Computer\\Desktop\\Fasify server\\nodejs2021Q4-service\\src\\resources\\users\\user.service.js": {"path":"C:\\Users\\Computer\\Desktop\\Fasify server\\nodejs2021Q4-service\\src\\resources\\users\\user.service.js","statementMap":{"0":{"start":{"line":1,"column":18},"end":{"line":1,"column":53}},"1":{"start":{"line":3,"column":15},"end":{"line":3,"column":39}},"2":{"start":{"line":3,"column":21},"end":{"line":3,"column":39}},"3":{"start":{"line":4,"column":13},"end":{"line":4,"column":43}},"4":{"start":{"line":4,"column":21},"end":{"line":4,"column":43}},"5":{"start":{"line":5,"column":13},"end":{"line":5,"column":55}},"6":{"start":{"line":5,"column":27},"end":{"line":5,"column":55}},"7":{"start":{"line":6,"column":17},"end":{"line":6,"column":47}},"8":{"start":{"line":6,"column":23},"end":{"line":6,"column":47}},"9":{"start":{"line":7,"column":0},"end":{"line":7,"column":53}}},"fnMap":{"0":{"name":"(anonymous_0)","decl":{"start":{"line":3,"column":15},"end":{"line":3,"column":16}},"loc":{"start":{"line":3,"column":21},"end":{"line":3,"column":39}},"line":3},"1":{"name":"(anonymous_1)","decl":{"start":{"line":4,"column":13},"end":{"line":4,"column":14}},"loc":{"start":{"line":4,"column":21},"end":{"line":4,"column":43}},"line":4},"2":{"name":"(anonymous_2)","decl":{"start":{"line":5,"column":13},"end":{"line":5,"column":14}},"loc":{"start":{"line":5,"column":27},"end":{"line":5,"column":55}},"line":5},"3":{"name":"(anonymous_3)","decl":{"start":{"line":6,"column":17},"end":{"line":6,"column":18}},"loc":{"start":{"line":6,"column":23},"end":{"line":6,"column":47}},"line":6}},"branchMap":{},"s":{"0":6,"1":6,"2":11,"3":6,"4":6,"5":6,"6":2,"7":6,"8":6,"9":6},"f":{"0":11,"1":6,"2":2,"3":6},"b":{},"_coverageSchema":"1a1c01bbd47fc00a2c39e90264f33305004495a9","hash":"704e812841f148db8fb7699d18286c14d0f10b64"}
,"C:\\Users\\Computer\\Desktop\\Fasify server\\nodejs2021Q4-service\\test\\e2e\\lib\\index.js": {"path":"C:\\Users\\Computer\\Desktop\\Fasify server\\nodejs2021Q4-service\\test\\e2e\\lib\\index.js","statementMap":{"0":{"start":{"line":1,"column":18},"end":{"line":1,"column":38}},"1":{"start":{"line":2,"column":14},"end":{"line":2,"column":40}},"2":{"start":{"line":3,"column":12},"end":{"line":3,"column":42}},"3":{"start":{"line":4,"column":15},"end":{"line":4,"column":32}},"4":{"start":{"line":5,"column":13},"end":{"line":5,"column":28}},"5":{"start":{"line":7,"column":0},"end":{"line":9,"column":3}},"6":{"start":{"line":11,"column":15},"end":{"line":11,"column":34}},"7":{"start":{"line":14,"column":2},"end":{"line":16,"column":22}},"8":{"start":{"line":17,"column":0},"end":{"line":17,"column":20}},"9":{"start":{"line":19,"column":15},"end":{"line":19,"column":36}},"10":{"start":{"line":21,"column":0},"end":{"line":24,"column":2}}},"fnMap":{},"branchMap":{"0":{"loc":{"start":{"line":14,"column":2},"end":{"line":16,"column":22}},"type":"cond-expr","locations":[{"start":{"line":15,"column":6},"end":{"line":15,"column":37}},{"start":{"line":16,"column":6},"end":{"line":16,"column":22}}],"line":14},"1":{"loc":{"start":{"line":14,"column":2},"end":{"line":14,"column":38}},"type":"binary-expr","locations":[{"start":{"line":14,"column":2},"end":{"line":14,"column":18}},{"start":{"line":14,"column":22},"end":{"line":14,"column":38}}],"line":14}},"s":{"0":6,"1":6,"2":6,"3":6,"4":6,"5":6,"6":6,"7":6,"8":6,"9":6,"10":6},"f":{},"b":{"0":[6,0],"1":[6,6]},"_coverageSchema":"1a1c01bbd47fc00a2c39e90264f33305004495a9","hash":"427ba7e251b191384e6a37c7ade96c748367ed8f"}
,"C:\\Users\\Computer\\Desktop\\Fasify server\\nodejs2021Q4-service\\test\\e2e\\lib\\routes.js": {"path":"C:\\Users\\Computer\\Desktop\\Fasify server\\nodejs2021Q4-service\\test\\e2e\\lib\\routes.js","statementMap":{"0":{"start":{"line":1,"column":0},"end":{"line":24,"column":2}},"1":{"start":{"line":4,"column":19},"end":{"line":4,"column":33}},"2":{"start":{"line":6,"column":18},"end":{"line":6,"column":32}},"3":{"start":{"line":7,"column":18},"end":{"line":7,"column":32}},"4":{"start":{"line":10,"column":23},"end":{"line":10,"column":49}},"5":{"start":{"line":11,"column":34},"end":{"line":11,"column":70}},"6":{"start":{"line":12,"column":23},"end":{"line":12,"column":49}},"7":{"start":{"line":13,"column":33},"end":{"line":13,"column":69}},"8":{"start":{"line":14,"column":33},"end":{"line":14,"column":69}},"9":{"start":{"line":18,"column":19},"end":{"line":18,"column":34}},"10":{"start":{"line":20,"column":18},"end":{"line":20,"column":33}},"11":{"start":{"line":21,"column":18},"end":{"line":21,"column":33}}},"fnMap":{"0":{"name":"(anonymous_0)","decl":{"start":{"line":4,"column":13},"end":{"line":4,"column":14}},"loc":{"start":{"line":4,"column":19},"end":{"line":4,"column":33}},"line":4},"1":{"name":"(anonymous_1)","decl":{"start":{"line":6,"column":12},"end":{"line":6,"column":13}},"loc":{"start":{"line":6,"column":18},"end":{"line":6,"column":32}},"line":6},"2":{"name":"(anonymous_2)","decl":{"start":{"line":7,"column":12},"end":{"line":7,"column":13}},"loc":{"start":{"line":7,"column":18},"end":{"line":7,"column":32}},"line":7},"3":{"name":"(anonymous_3)","decl":{"start":{"line":10,"column":12},"end":{"line":10,"column":13}},"loc":{"start":{"line":10,"column":23},"end":{"line":10,"column":49}},"line":10},"4":{"name":"(anonymous_4)","decl":{"start":{"line":11,"column":13},"end":{"line":11,"column":14}},"loc":{"start":{"line":11,"column":34},"end":{"line":11,"column":70}},"line":11},"5":{"name":"(anonymous_5)","decl":{"start":{"line":12,"column":12},"end":{"line":12,"column":13}},"loc":{"start":{"line":12,"column":23},"end":{"line":12,"column":49}},"line":12},"6":{"name":"(anonymous_6)","decl":{"start":{"line":13,"column":12},"end":{"line":13,"column":13}},"loc":{"start":{"line":13,"column":33},"end":{"line":13,"column":69}},"line":13},"7":{"name":"(anonymous_7)","decl":{"start":{"line":14,"column":12},"end":{"line":14,"column":13}},"loc":{"start":{"line":14,"column":33},"end":{"line":14,"column":69}},"line":14},"8":{"name":"(anonymous_8)","decl":{"start":{"line":18,"column":13},"end":{"line":18,"column":14}},"loc":{"start":{"line":18,"column":19},"end":{"line":18,"column":34}},"line":18},"9":{"name":"(anonymous_9)","decl":{"start":{"line":20,"column":12},"end":{"line":20,"column":13}},"loc":{"start":{"line":20,"column":18},"end":{"line":20,"column":33}},"line":20},"10":{"name":"(anonymous_10)","decl":{"start":{"line":21,"column":12},"end":{"line":21,"column":13}},"loc":{"start":{"line":21,"column":18},"end":{"line":21,"column":33}},"line":21}},"branchMap":{},"s":{"0":6,"1":3,"2":2,"3":6,"4":3,"5":16,"6":11,"7":2,"8":3,"9":4,"10":2,"11":7},"f":{"0":3,"1":2,"2":6,"3":3,"4":16,"5":11,"6":2,"7":3,"8":4,"9":2,"10":7},"b":{},"_coverageSchema":"1a1c01bbd47fc00a2c39e90264f33305004495a9","hash":"1ad5accf668860a4b367ce87da9280880c585ca5"}
,"C:\\Users\\Computer\\Desktop\\Fasify server\\nodejs2021Q4-service\\test\\e2e\\utils\\createAuthorizedRequest.js": {"path":"C:\\Users\\Computer\\Desktop\\Fasify server\\nodejs2021Q4-service\\test\\e2e\\utils\\createAuthorizedRequest.js","statementMap":{"0":{"start":{"line":1,"column":19},"end":{"line":1,"column":36}},"1":{"start":{"line":3,"column":31},"end":{"line":13,"column":1}},"2":{"start":{"line":4,"column":14},"end":{"line":4,"column":16}},"3":{"start":{"line":5,"column":2},"end":{"line":10,"column":3}},"4":{"start":{"line":6,"column":4},"end":{"line":9,"column":5}},"5":{"start":{"line":7,"column":21},"end":{"line":7,"column":33}},"6":{"start":{"line":8,"column":6},"end":{"line":8,"column":66}},"7":{"start":{"line":8,"column":25},"end":{"line":8,"column":65}},"8":{"start":{"line":12,"column":2},"end":{"line":12,"column":13}},"9":{"start":{"line":15,"column":32},"end":{"line":23,"column":1}},"10":{"start":{"line":16,"column":14},"end":{"line":19,"column":48}},"11":{"start":{"line":21,"column":16},"end":{"line":21,"column":42}},"12":{"start":{"line":22,"column":2},"end":{"line":22,"column":48}},"13":{"start":{"line":25,"column":0},"end":{"line":25,"column":41}}},"fnMap":{"0":{"name":"(anonymous_0)","decl":{"start":{"line":3,"column":31},"end":{"line":3,"column":32}},"loc":{"start":{"line":3,"column":51},"end":{"line":13,"column":1}},"line":3},"1":{"name":"(anonymous_1)","decl":{"start":{"line":8,"column":17},"end":{"line":8,"column":18}},"loc":{"start":{"line":8,"column":25},"end":{"line":8,"column":65}},"line":8},"2":{"name":"(anonymous_2)","decl":{"start":{"line":15,"column":32},"end":{"line":15,"column":33}},"loc":{"start":{"line":15,"column":49},"end":{"line":23,"column":1}},"line":15}},"branchMap":{"0":{"loc":{"start":{"line":6,"column":4},"end":{"line":9,"column":5}},"type":"if","locations":[{"start":{"line":6,"column":4},"end":{"line":9,"column":5}},{"start":{},"end":{}}],"line":6}},"s":{"0":3,"1":3,"2":0,"3":0,"4":0,"5":0,"6":0,"7":0,"8":0,"9":3,"10":0,"11":0,"12":0,"13":3},"f":{"0":0,"1":0,"2":0},"b":{"0":[0,0]},"_coverageSchema":"1a1c01bbd47fc00a2c39e90264f33305004495a9","hash":"a09ea4e59bba386cd88a2ee3c35089295009787c"}
,"C:\\Users\\Computer\\Desktop\\Fasify server\\nodejs2021Q4-service\\test\\e2e\\utils\\index.js": {"path":"C:\\Users\\Computer\\Desktop\\Fasify server\\nodejs2021Q4-service\\test\\e2e\\utils\\index.js","statementMap":{"0":{"start":{"line":1,"column":32},"end":{"line":1,"column":68}},"1":{"start":{"line":2,"column":36},"end":{"line":2,"column":76}},"2":{"start":{"line":3,"column":0},"end":{"line":6,"column":2}}},"fnMap":{},"branchMap":{},"s":{"0":3,"1":3,"2":3},"f":{},"b":{},"_coverageSchema":"1a1c01bbd47fc00a2c39e90264f33305004495a9","hash":"11fd61e7e7132ea8f1828d532f0db8dab53a6ef8"}
,"C:\\Users\\Computer\\Desktop\\Fasify server\\nodejs2021Q4-service\\test\\e2e\\utils\\shouldAuthorizationBeTested.js": {"path":"C:\\Users\\Computer\\Desktop\\Fasify server\\nodejs2021Q4-service\\test\\e2e\\utils\\shouldAuthorizationBeTested.js","statementMap":{"0":{"start":{"line":1,"column":0},"end":{"line":1,"column":50}}},"fnMap":{},"branchMap":{},"s":{"0":3},"f":{},"b":{},"_coverageSchema":"1a1c01bbd47fc00a2c39e90264f33305004495a9","hash":"35659353bb386b8eea6a810be8bc6f48a88878c7"}
}
