{"C:\\Users\\Computer\\Desktop\\Fasify server\\nodejs2021Q4-service\\test\\e2e\\lib\\index.js": {"path":"C:\\Users\\Computer\\Desktop\\Fasify server\\nodejs2021Q4-service\\test\\e2e\\lib\\index.js","statementMap":{"0":{"start":{"line":1,"column":18},"end":{"line":1,"column":38}},"1":{"start":{"line":2,"column":14},"end":{"line":2,"column":40}},"2":{"start":{"line":4,"column":15},"end":{"line":4,"column":32}},"3":{"start":{"line":5,"column":13},"end":{"line":5,"column":28}},"4":{"start":{"line":7,"column":0},"end":{"line":9,"column":3}},"5":{"start":{"line":11,"column":15},"end":{"line":11,"column":34}},"6":{"start":{"line":14,"column":2},"end":{"line":16,"column":22}},"7":{"start":{"line":17,"column":0},"end":{"line":17,"column":20}},"8":{"start":{"line":19,"column":16},"end":{"line":19,"column":31}},"9":{"start":{"line":21,"column":0},"end":{"line":24,"column":2}}},"fnMap":{},"branchMap":{"0":{"loc":{"start":{"line":14,"column":2},"end":{"line":16,"column":22}},"type":"cond-expr","locations":[{"start":{"line":15,"column":6},"end":{"line":15,"column":37}},{"start":{"line":16,"column":6},"end":{"line":16,"column":22}}],"line":14},"1":{"loc":{"start":{"line":14,"column":2},"end":{"line":14,"column":38}},"type":"binary-expr","locations":[{"start":{"line":14,"column":2},"end":{"line":14,"column":18}},{"start":{"line":14,"column":22},"end":{"line":14,"column":38}}],"line":14}},"s":{"0":6,"1":6,"2":6,"3":6,"4":6,"5":6,"6":6,"7":6,"8":6,"9":6},"f":{},"b":{"0":[6,0],"1":[6,6]},"_coverageSchema":"1a1c01bbd47fc00a2c39e90264f33305004495a9","hash":"4bfb4b52358b0740c10c249da3cbe9b85a5f6fda"}
,"C:\\Users\\Computer\\Desktop\\Fasify server\\nodejs2021Q4-service\\test\\e2e\\lib\\routes.js": {"path":"C:\\Users\\Computer\\Desktop\\Fasify server\\nodejs2021Q4-service\\test\\e2e\\lib\\routes.js","statementMap":{"0":{"start":{"line":1,"column":0},"end":{"line":24,"column":2}},"1":{"start":{"line":4,"column":19},"end":{"line":4,"column":33}},"2":{"start":{"line":6,"column":18},"end":{"line":6,"column":32}},"3":{"start":{"line":7,"column":18},"end":{"line":7,"column":32}},"4":{"start":{"line":10,"column":23},"end":{"line":10,"column":49}},"5":{"start":{"line":11,"column":34},"end":{"line":11,"column":70}},"6":{"start":{"line":12,"column":23},"end":{"line":12,"column":49}},"7":{"start":{"line":13,"column":33},"end":{"line":13,"column":69}},"8":{"start":{"line":14,"column":33},"end":{"line":14,"column":69}},"9":{"start":{"line":18,"column":19},"end":{"line":18,"column":34}},"10":{"start":{"line":20,"column":18},"end":{"line":20,"column":33}},"11":{"start":{"line":21,"column":18},"end":{"line":21,"column":33}}},"fnMap":{"0":{"name":"(anonymous_0)","decl":{"start":{"line":4,"column":13},"end":{"line":4,"column":14}},"loc":{"start":{"line":4,"column":19},"end":{"line":4,"column":33}},"line":4},"1":{"name":"(anonymous_1)","decl":{"start":{"line":6,"column":12},"end":{"line":6,"column":13}},"loc":{"start":{"line":6,"column":18},"end":{"line":6,"column":32}},"line":6},"2":{"name":"(anonymous_2)","decl":{"start":{"line":7,"column":12},"end":{"line":7,"column":13}},"loc":{"start":{"line":7,"column":18},"end":{"line":7,"column":32}},"line":7},"3":{"name":"(anonymous_3)","decl":{"start":{"line":10,"column":12},"end":{"line":10,"column":13}},"loc":{"start":{"line":10,"column":23},"end":{"line":10,"column":49}},"line":10},"4":{"name":"(anonymous_4)","decl":{"start":{"line":11,"column":13},"end":{"line":11,"column":14}},"loc":{"start":{"line":11,"column":34},"end":{"line":11,"column":70}},"line":11},"5":{"name":"(anonymous_5)","decl":{"start":{"line":12,"column":12},"end":{"line":12,"column":13}},"loc":{"start":{"line":12,"column":23},"end":{"line":12,"column":49}},"line":12},"6":{"name":"(anonymous_6)","decl":{"start":{"line":13,"column":12},"end":{"line":13,"column":13}},"loc":{"start":{"line":13,"column":33},"end":{"line":13,"column":69}},"line":13},"7":{"name":"(anonymous_7)","decl":{"start":{"line":14,"column":12},"end":{"line":14,"column":13}},"loc":{"start":{"line":14,"column":33},"end":{"line":14,"column":69}},"line":14},"8":{"name":"(anonymous_8)","decl":{"start":{"line":18,"column":13},"end":{"line":18,"column":14}},"loc":{"start":{"line":18,"column":19},"end":{"line":18,"column":34}},"line":18},"9":{"name":"(anonymous_9)","decl":{"start":{"line":20,"column":12},"end":{"line":20,"column":13}},"loc":{"start":{"line":20,"column":18},"end":{"line":20,"column":33}},"line":20},"10":{"name":"(anonymous_10)","decl":{"start":{"line":21,"column":12},"end":{"line":21,"column":13}},"loc":{"start":{"line":21,"column":18},"end":{"line":21,"column":33}},"line":21}},"branchMap":{},"s":{"0":6,"1":3,"2":2,"3":6,"4":3,"5":16,"6":11,"7":2,"8":3,"9":4,"10":2,"11":7},"f":{"0":3,"1":2,"2":6,"3":3,"4":16,"5":11,"6":2,"7":3,"8":4,"9":2,"10":7},"b":{},"_coverageSchema":"1a1c01bbd47fc00a2c39e90264f33305004495a9","hash":"1ad5accf668860a4b367ce87da9280880c585ca5"}
,"C:\\Users\\Computer\\Desktop\\Fasify server\\nodejs2021Q4-service\\test\\e2e\\utils\\createAuthorizedRequest.js": {"path":"C:\\Users\\Computer\\Desktop\\Fasify server\\nodejs2021Q4-service\\test\\e2e\\utils\\createAuthorizedRequest.js","statementMap":{"0":{"start":{"line":1,"column":19},"end":{"line":1,"column":36}},"1":{"start":{"line":3,"column":31},"end":{"line":13,"column":1}},"2":{"start":{"line":4,"column":14},"end":{"line":4,"column":16}},"3":{"start":{"line":5,"column":2},"end":{"line":10,"column":3}},"4":{"start":{"line":6,"column":4},"end":{"line":9,"column":5}},"5":{"start":{"line":7,"column":21},"end":{"line":7,"column":33}},"6":{"start":{"line":8,"column":6},"end":{"line":8,"column":66}},"7":{"start":{"line":8,"column":25},"end":{"line":8,"column":65}},"8":{"start":{"line":12,"column":2},"end":{"line":12,"column":13}},"9":{"start":{"line":15,"column":32},"end":{"line":23,"column":1}},"10":{"start":{"line":16,"column":14},"end":{"line":19,"column":48}},"11":{"start":{"line":21,"column":16},"end":{"line":21,"column":42}},"12":{"start":{"line":22,"column":2},"end":{"line":22,"column":48}},"13":{"start":{"line":25,"column":0},"end":{"line":25,"column":41}}},"fnMap":{"0":{"name":"(anonymous_0)","decl":{"start":{"line":3,"column":31},"end":{"line":3,"column":32}},"loc":{"start":{"line":3,"column":51},"end":{"line":13,"column":1}},"line":3},"1":{"name":"(anonymous_1)","decl":{"start":{"line":8,"column":17},"end":{"line":8,"column":18}},"loc":{"start":{"line":8,"column":25},"end":{"line":8,"column":65}},"line":8},"2":{"name":"(anonymous_2)","decl":{"start":{"line":15,"column":32},"end":{"line":15,"column":33}},"loc":{"start":{"line":15,"column":49},"end":{"line":23,"column":1}},"line":15}},"branchMap":{"0":{"loc":{"start":{"line":6,"column":4},"end":{"line":9,"column":5}},"type":"if","locations":[{"start":{"line":6,"column":4},"end":{"line":9,"column":5}},{"start":{},"end":{}}],"line":6}},"s":{"0":3,"1":3,"2":0,"3":0,"4":0,"5":0,"6":0,"7":0,"8":0,"9":3,"10":0,"11":0,"12":0,"13":3},"f":{"0":0,"1":0,"2":0},"b":{"0":[0,0]},"_coverageSchema":"1a1c01bbd47fc00a2c39e90264f33305004495a9","hash":"a09ea4e59bba386cd88a2ee3c35089295009787c"}
,"C:\\Users\\Computer\\Desktop\\Fasify server\\nodejs2021Q4-service\\test\\e2e\\utils\\index.js": {"path":"C:\\Users\\Computer\\Desktop\\Fasify server\\nodejs2021Q4-service\\test\\e2e\\utils\\index.js","statementMap":{"0":{"start":{"line":1,"column":32},"end":{"line":1,"column":68}},"1":{"start":{"line":2,"column":36},"end":{"line":2,"column":76}},"2":{"start":{"line":3,"column":0},"end":{"line":6,"column":2}}},"fnMap":{},"branchMap":{},"s":{"0":3,"1":3,"2":3},"f":{},"b":{},"_coverageSchema":"1a1c01bbd47fc00a2c39e90264f33305004495a9","hash":"11fd61e7e7132ea8f1828d532f0db8dab53a6ef8"}
,"C:\\Users\\Computer\\Desktop\\Fasify server\\nodejs2021Q4-service\\test\\e2e\\utils\\shouldAuthorizationBeTested.js": {"path":"C:\\Users\\Computer\\Desktop\\Fasify server\\nodejs2021Q4-service\\test\\e2e\\utils\\shouldAuthorizationBeTested.js","statementMap":{"0":{"start":{"line":1,"column":0},"end":{"line":1,"column":50}}},"fnMap":{},"branchMap":{},"s":{"0":3},"f":{},"b":{},"_coverageSchema":"1a1c01bbd47fc00a2c39e90264f33305004495a9","hash":"35659353bb386b8eea6a810be8bc6f48a88878c7"}
}
