TN:
SF:src\app.js
FN:23,(anonymous_0)
FNF:1
FNH:0
FNDA:0,(anonymous_0)
DA:1,6
DA:5,6
DA:6,6
DA:7,6
DA:10,6
DA:16,6
DA:17,6
DA:18,6
DA:23,6
DA:25,0
DA:34,6
LF:11
LH:10
BRF:0
BRH:0
end_of_record
TN:
SF:src\server.js
FN:4,(anonymous_0)
FNF:1
FNH:0
FNDA:0,(anonymous_0)
DA:1,6
DA:2,6
DA:4,6
DA:5,0
DA:7,6
LF:5
LH:4
BRF:0
BRH:0
end_of_record
TN:
SF:src\common\config.js
FNF:0
FNH:0
DA:1,6
DA:2,6
DA:4,6
DA:8,6
LF:4
LH:4
BRF:0
BRH:0
end_of_record
TN:
SF:src\resources\commons.js
FN:7,(anonymous_0)
FN:8,(anonymous_1)
FNF:2
FNH:1
FNDA:8,(anonymous_0)
FNDA:0,(anonymous_1)
DA:3,6
DA:7,8
DA:8,6
DA:10,6
LF:4
LH:4
BRF:0
BRH:0
end_of_record
TN:
SF:src\resources\lib.js
FN:4,(anonymous_0)
FN:6,(anonymous_1)
FN:7,(anonymous_2)
FN:10,(anonymous_3)
FN:11,(anonymous_4)
FN:12,(anonymous_5)
FN:13,(anonymous_6)
FN:14,(anonymous_7)
FN:18,(anonymous_8)
FN:20,(anonymous_9)
FN:21,(anonymous_10)
FNF:11
FNH:11
FNDA:6,(anonymous_0)
FNDA:6,(anonymous_1)
FNDA:6,(anonymous_2)
FNDA:6,(anonymous_3)
FNDA:6,(anonymous_4)
FNDA:6,(anonymous_5)
FNDA:6,(anonymous_6)
FNDA:6,(anonymous_7)
FNDA:6,(anonymous_8)
FNDA:6,(anonymous_9)
FNDA:6,(anonymous_10)
DA:1,6
DA:4,6
DA:6,6
DA:7,6
DA:10,6
DA:11,6
DA:12,6
DA:13,6
DA:14,6
DA:18,6
DA:20,6
DA:21,6
LF:12
LH:12
BRF:0
BRH:0
end_of_record
TN:
SF:src\resources\boards\board.controller.js
FN:6,(anonymous_0)
FN:8,(anonymous_1)
FN:24,(anonymous_2)
FN:41,(anonymous_3)
FN:54,(anonymous_4)
FNF:5
FNH:5
FNDA:3,(anonymous_0)
FNDA:4,(anonymous_1)
FNDA:8,(anonymous_2)
FNDA:2,(anonymous_3)
FNDA:7,(anonymous_4)
DA:1,6
DA:2,6
DA:3,6
DA:6,6
DA:8,6
DA:9,4
DA:10,4
DA:12,4
DA:16,2
DA:24,6
DA:26,8
DA:27,8
DA:28,8
DA:29,8
DA:30,8
DA:32,8
DA:41,6
DA:42,2
DA:43,2
DA:44,2
DA:45,2
DA:46,2
DA:47,1
DA:50,1
DA:54,6
DA:56,7
DA:57,7
DA:58,7
DA:59,1
DA:62,6
LF:30
LH:30
BRDA:12,0,0,2
BRDA:12,0,1,2
BRDA:26,1,0,0
BRDA:26,1,1,8
BRDA:46,2,0,1
BRDA:46,2,1,1
BRDA:58,3,0,6
BRDA:58,3,1,1
BRF:8
BRH:7
end_of_record
TN:
SF:src\resources\boards\board.model.js
FN:3,(anonymous_0)
FNF:1
FNH:1
FNDA:10,(anonymous_0)
DA:1,6
DA:3,6
DA:7,10
DA:12,10
DA:14,10
DA:22,6
LF:6
LH:6
BRDA:12,0,0,0
BRDA:12,0,1,10
BRDA:12,1,0,10
BRDA:12,1,1,10
BRDA:12,1,2,10
BRDA:15,2,0,10
BRDA:15,2,1,9
BRF:7
BRH:6
end_of_record
TN:
SF:src\resources\boards\board.router.js
FN:5,(anonymous_0)
FN:9,(anonymous_1)
FN:18,(anonymous_2)
FN:23,(anonymous_3)
FN:26,(anonymous_4)
FN:30,(anonymous_5)
FNF:6
FNH:6
FNDA:6,(anonymous_0)
FNDA:3,(anonymous_1)
FNDA:4,(anonymous_2)
FNDA:8,(anonymous_3)
FNDA:2,(anonymous_4)
FNDA:7,(anonymous_5)
DA:2,6
DA:3,6
DA:5,6
DA:9,6
DA:10,3
DA:13,3
DA:18,6
DA:19,4
DA:23,6
DA:24,8
DA:26,6
DA:27,2
DA:30,6
DA:32,7
DA:34,6
DA:40,6
LF:16
LH:16
BRF:0
BRH:0
end_of_record
TN:
SF:src\resources\boards\board.service.js
FN:7,(anonymous_0)
FN:8,(anonymous_1)
FN:9,(anonymous_2)
FN:10,(anonymous_3)
FN:11,(anonymous_4)
FNF:5
FNH:5
FNDA:3,(anonymous_0)
FNDA:4,(anonymous_1)
FNDA:8,(anonymous_2)
FNDA:2,(anonymous_3)
FNDA:7,(anonymous_4)
DA:1,6
DA:7,6
DA:8,6
DA:9,8
DA:10,6
DA:11,7
DA:12,6
LF:7
LH:7
BRF:0
BRH:0
end_of_record
TN:
SF:src\resources\boards\boards.memory.repository.js
FN:3,(anonymous_0)
FN:5,(anonymous_1)
FN:7,(anonymous_2)
FN:11,(anonymous_3)
FN:15,(anonymous_4)
FN:18,(anonymous_5)
FN:36,(anonymous_6)
FN:39,(anonymous_7)
FNF:8
FNH:8
FNDA:3,(anonymous_0)
FNDA:4,(anonymous_1)
FNDA:4,(anonymous_2)
FNDA:8,(anonymous_3)
FNDA:2,(anonymous_4)
FNDA:3,(anonymous_5)
FNDA:7,(anonymous_6)
FNDA:11,(anonymous_7)
DA:1,6
DA:3,6
DA:5,6
DA:7,4
DA:8,4
DA:11,6
DA:12,8
DA:15,6
DA:18,2
DA:19,3
DA:20,2
DA:24,2
DA:26,1
DA:27,1
DA:32,2
DA:36,6
DA:37,7
DA:39,7
DA:40,11
DA:41,6
DA:44,5
DA:46,7
DA:51,6
LF:23
LH:23
BRDA:19,0,0,1
BRDA:19,0,1,2
BRDA:24,1,0,1
BRDA:24,1,1,1
BRDA:24,2,0,2
BRDA:24,2,1,1
BRDA:40,3,0,6
BRDA:40,3,1,5
BRF:8
BRH:8
end_of_record
TN:
SF:src\resources\tasks\task.controller.js
FN:5,(anonymous_0)
FN:13,(anonymous_1)
FN:17,(anonymous_2)
FN:28,(anonymous_3)
FN:43,(anonymous_4)
FN:49,(anonymous_5)
FN:86,(anonymous_6)
FN:88,(anonymous_7)
FN:90,(anonymous_8)
FNF:9
FNH:9
FNDA:3,(anonymous_0)
FNDA:16,(anonymous_1)
FNDA:14,(anonymous_2)
FNDA:11,(anonymous_3)
FNDA:2,(anonymous_4)
FNDA:2,(anonymous_5)
FNDA:3,(anonymous_6)
FNDA:3,(anonymous_7)
FNDA:4,(anonymous_8)
DA:1,6
DA:2,6
DA:5,6
DA:7,3
DA:13,6
DA:14,16
DA:17,16
DA:18,16
DA:19,14
DA:24,2
DA:28,6
DA:31,11
DA:32,11
DA:33,11
DA:34,11
DA:35,11
DA:43,6
DA:44,2
DA:49,2
DA:50,2
DA:51,1
DA:56,2
DA:57,1
DA:58,1
DA:59,1
DA:61,1
DA:66,1
DA:86,6
DA:87,3
DA:88,3
DA:89,3
DA:90,4
DA:92,3
DA:97,0
DA:112,6
LF:35
LH:34
BRDA:17,0,0,14
BRDA:17,0,1,0
BRDA:18,1,0,14
BRDA:18,1,1,2
BRDA:31,2,0,0
BRDA:31,2,1,11
BRDA:50,3,0,1
BRDA:50,3,1,1
BRDA:50,4,0,2
BRDA:50,4,1,2
BRDA:56,5,0,1
BRDA:56,5,1,1
BRDA:88,6,0,3
BRDA:88,6,1,0
BRDA:89,7,0,3
BRDA:89,7,1,0
BRDA:90,8,0,4
BRDA:90,8,1,0
BRF:18
BRH:13
end_of_record
TN:
SF:src\resources\tasks\task.memory.repository.js
FNF:0
FNH:0
DA:1,6
DA:3,6
LF:2
LH:2
BRF:0
BRH:0
end_of_record
TN:
SF:src\resources\tasks\task.model.js
FN:3,taskModel
FNF:1
FNH:1
FNDA:11,taskModel
DA:1,6
DA:5,11
DA:6,11
DA:10,11
DA:21,6
LF:5
LH:5
BRDA:11,0,0,11
BRDA:11,0,1,11
BRF:2
BRH:2
end_of_record
TN:
SF:src\resources\tasks\task.router.js
FN:5,(anonymous_0)
FN:7,(anonymous_1)
FN:13,(anonymous_2)
FN:19,(anonymous_3)
FN:24,(anonymous_4)
FN:29,(anonymous_5)
FNF:6
FNH:6
FNDA:6,(anonymous_0)
FNDA:16,(anonymous_1)
FNDA:3,(anonymous_2)
FNDA:11,(anonymous_3)
FNDA:2,(anonymous_4)
FNDA:3,(anonymous_5)
DA:1,6
DA:2,6
DA:5,6
DA:7,6
DA:9,16
DA:13,6
DA:15,3
DA:19,6
DA:21,11
DA:24,6
DA:25,2
DA:29,6
DA:30,3
DA:32,6
DA:35,6
LF:15
LH:15
BRF:0
BRH:0
end_of_record
TN:
SF:src\resources\users\user.controller.js
FN:9,(anonymous_0)
FN:14,(anonymous_1)
FN:18,(anonymous_2)
FN:21,(anonymous_3)
FN:38,(anonymous_4)
FN:47,(anonymous_5)
FN:53,(anonymous_6)
FN:64,(anonymous_7)
FNF:8
FNH:7
FNDA:2,(anonymous_0)
FNDA:0,(anonymous_1)
FNDA:3,(anonymous_2)
FNDA:4,(anonymous_3)
FNDA:6,(anonymous_4)
FNDA:6,(anonymous_5)
FNDA:16,(anonymous_6)
FNDA:2,(anonymous_7)
DA:1,6
DA:2,6
DA:9,6
DA:10,2
DA:13,2
DA:14,2
DA:18,6
DA:19,3
DA:20,3
DA:21,4
DA:22,3
DA:23,2
DA:24,2
DA:31,1
DA:38,6
DA:39,6
DA:41,6
DA:42,6
DA:43,6
DA:47,6
DA:48,6
DA:49,6
DA:50,6
DA:51,6
DA:53,16
DA:55,6
DA:57,6
DA:64,6
DA:65,2
DA:66,2
DA:67,2
DA:68,1
DA:72,6
LF:33
LH:33
BRDA:22,0,0,2
BRDA:22,0,1,1
BRF:2
BRH:2
end_of_record
TN:
SF:src\resources\users\user.memory.repository.js
FN:3,(anonymous_0)
FN:7,(anonymous_1)
FN:11,(anonymous_2)
FN:12,(anonymous_3)
FN:40,(anonymous_4)
FN:41,(anonymous_5)
FNF:6
FNH:6
FNDA:11,(anonymous_0)
FNDA:6,(anonymous_1)
FNDA:2,(anonymous_2)
FNDA:4,(anonymous_3)
FNDA:6,(anonymous_4)
FNDA:16,(anonymous_5)
DA:1,6
DA:3,11
DA:7,6
DA:11,6
DA:12,2
DA:14,4
DA:15,1
DA:16,0
DA:18,1
DA:19,1
DA:21,1
DA:22,1
DA:24,1
DA:25,1
DA:29,1
DA:32,4
DA:36,2
DA:40,6
DA:41,16
DA:46,6
LF:20
LH:19
BRDA:14,0,0,1
BRDA:14,0,1,3
BRDA:15,1,0,0
BRDA:15,1,1,1
BRDA:18,2,0,1
BRDA:18,2,1,0
BRDA:21,3,0,1
BRDA:21,3,1,0
BRDA:24,4,0,1
BRDA:24,4,1,0
BRF:10
BRH:6
end_of_record
TN:
SF:src\resources\users\user.model.js
FN:4,(anonymous_0)
FN:16,(anonymous_1)
FNF:2
FNH:2
FNDA:6,(anonymous_0)
FNDA:10,(anonymous_1)
DA:1,6
DA:10,6
DA:11,6
DA:12,6
DA:13,6
DA:17,10
DA:18,9
DA:22,6
LF:8
LH:8
BRDA:4,0,0,0
BRDA:5,1,0,6
BRDA:6,2,0,0
BRDA:7,3,0,0
BRDA:8,4,0,0
BRF:5
BRH:1
end_of_record
TN:
SF:src\resources\users\user.router.js
FN:9,(anonymous_0)
FN:14,(anonymous_1)
FN:20,(anonymous_2)
FN:26,(anonymous_3)
FN:33,(anonymous_4)
FN:38,(anonymous_5)
FNF:6
FNH:6
FNDA:6,(anonymous_0)
FNDA:2,(anonymous_1)
FNDA:3,(anonymous_2)
FNDA:6,(anonymous_3)
FNDA:2,(anonymous_4)
FNDA:6,(anonymous_5)
DA:3,6
DA:5,6
DA:9,6
DA:14,6
DA:15,2
DA:20,6
DA:21,3
DA:26,6
DA:28,6
DA:33,6
DA:34,2
DA:38,6
DA:39,6
DA:42,6
DA:45,6
LF:15
LH:15
BRF:0
BRH:0
end_of_record
TN:
SF:src\resources\users\user.service.js
FN:3,(anonymous_0)
FN:4,(anonymous_1)
FN:5,(anonymous_2)
FN:6,(anonymous_3)
FNF:4
FNH:4
FNDA:11,(anonymous_0)
FNDA:6,(anonymous_1)
FNDA:2,(anonymous_2)
FNDA:6,(anonymous_3)
DA:1,6
DA:3,11
DA:4,6
DA:5,6
DA:6,6
DA:7,6
LF:6
LH:6
BRF:0
BRH:0
end_of_record
TN:
SF:test\e2e\lib\index.js
FNF:0
FNH:0
DA:1,6
DA:2,6
DA:3,6
DA:4,6
DA:5,6
DA:7,6
DA:11,6
DA:14,6
DA:17,6
DA:19,6
DA:21,6
LF:11
LH:11
BRDA:14,0,0,6
BRDA:14,0,1,0
BRDA:14,1,0,6
BRDA:14,1,1,6
BRF:4
BRH:3
end_of_record
TN:
SF:test\e2e\lib\routes.js
FN:4,(anonymous_0)
FN:6,(anonymous_1)
FN:7,(anonymous_2)
FN:10,(anonymous_3)
FN:11,(anonymous_4)
FN:12,(anonymous_5)
FN:13,(anonymous_6)
FN:14,(anonymous_7)
FN:18,(anonymous_8)
FN:20,(anonymous_9)
FN:21,(anonymous_10)
FNF:11
FNH:11
FNDA:3,(anonymous_0)
FNDA:2,(anonymous_1)
FNDA:6,(anonymous_2)
FNDA:3,(anonymous_3)
FNDA:16,(anonymous_4)
FNDA:11,(anonymous_5)
FNDA:2,(anonymous_6)
FNDA:3,(anonymous_7)
FNDA:4,(anonymous_8)
FNDA:2,(anonymous_9)
FNDA:7,(anonymous_10)
DA:1,6
DA:4,3
DA:6,2
DA:7,6
DA:10,3
DA:11,16
DA:12,11
DA:13,2
DA:14,3
DA:18,4
DA:20,2
DA:21,7
LF:12
LH:12
BRF:0
BRH:0
end_of_record
TN:
SF:test\e2e\utils\createAuthorizedRequest.js
FN:3,(anonymous_0)
FN:8,(anonymous_1)
FN:15,(anonymous_2)
FNF:3
FNH:0
FNDA:0,(anonymous_0)
FNDA:0,(anonymous_1)
FNDA:0,(anonymous_2)
DA:1,3
DA:3,3
DA:4,0
DA:5,0
DA:6,0
DA:7,0
DA:8,0
DA:12,0
DA:15,3
DA:16,0
DA:21,0
DA:22,0
DA:25,3
LF:13
LH:4
BRDA:6,0,0,0
BRDA:6,0,1,0
BRF:2
BRH:0
end_of_record
TN:
SF:test\e2e\utils\index.js
FNF:0
FNH:0
DA:1,3
DA:2,3
DA:3,3
LF:3
LH:3
BRF:0
BRH:0
end_of_record
TN:
SF:test\e2e\utils\shouldAuthorizationBeTested.js
FNF:0
FNH:0
DA:1,3
LF:1
LH:1
BRF:0
BRH:0
end_of_record
