TN:
SF:test\e2e\lib\index.js
FNF:0
FNH:0
DA:1,6
DA:2,6
DA:4,6
DA:5,6
DA:7,6
DA:11,6
DA:14,6
DA:17,6
DA:19,6
DA:21,6
LF:10
LH:10
BRDA:14,0,0,6
BRDA:14,0,1,0
BRDA:14,1,0,6
BRDA:14,1,1,6
BRF:4
BRH:3
end_of_record
TN:
SF:test\e2e\lib\routes.js
FN:4,(anonymous_0)
FN:6,(anonymous_1)
FN:7,(anonymous_2)
FN:10,(anonymous_3)
FN:11,(anonymous_4)
FN:12,(anonymous_5)
FN:13,(anonymous_6)
FN:14,(anonymous_7)
FN:18,(anonymous_8)
FN:20,(anonymous_9)
FN:21,(anonymous_10)
FNF:11
FNH:11
FNDA:3,(anonymous_0)
FNDA:2,(anonymous_1)
FNDA:6,(anonymous_2)
FNDA:3,(anonymous_3)
FNDA:16,(anonymous_4)
FNDA:11,(anonymous_5)
FNDA:2,(anonymous_6)
FNDA:3,(anonymous_7)
FNDA:4,(anonymous_8)
FNDA:2,(anonymous_9)
FNDA:7,(anonymous_10)
DA:1,6
DA:4,3
DA:6,2
DA:7,6
DA:10,3
DA:11,16
DA:12,11
DA:13,2
DA:14,3
DA:18,4
DA:20,2
DA:21,7
LF:12
LH:12
BRF:0
BRH:0
end_of_record
TN:
SF:test\e2e\utils\createAuthorizedRequest.js
FN:3,(anonymous_0)
FN:8,(anonymous_1)
FN:15,(anonymous_2)
FNF:3
FNH:0
FNDA:0,(anonymous_0)
FNDA:0,(anonymous_1)
FNDA:0,(anonymous_2)
DA:1,3
DA:3,3
DA:4,0
DA:5,0
DA:6,0
DA:7,0
DA:8,0
DA:12,0
DA:15,3
DA:16,0
DA:21,0
DA:22,0
DA:25,3
LF:13
LH:4
BRDA:6,0,0,0
BRDA:6,0,1,0
BRF:2
BRH:0
end_of_record
TN:
SF:test\e2e\utils\index.js
FNF:0
FNH:0
DA:1,3
DA:2,3
DA:3,3
LF:3
LH:3
BRF:0
BRH:0
end_of_record
TN:
SF:test\e2e\utils\shouldAuthorizationBeTested.js
FNF:0
FNH:0
DA:1,3
LF:1
LH:1
BRF:0
BRH:0
end_of_record
